{"/Users/anatoliitarasov/MarusjaCakes/app-svelte/src/lib/auth.ts": {"path":"/Users/anatoliitarasov/MarusjaCakes/app-svelte/src/lib/auth.ts","all":false,"statementMap":{"11":{"start":{"line":12,"column":0},"end":{"line":12,"column":38}},"12":{"start":{"line":13,"column":0},"end":{"line":13,"column":87}},"13":{"start":{"line":14,"column":0},"end":{"line":14,"column":79}},"14":{"start":{"line":15,"column":0},"end":{"line":15,"column":91}},"15":{"start":{"line":16,"column":0},"end":{"line":16,"column":87}},"16":{"start":{"line":17,"column":0},"end":{"line":17,"column":2}},"18":{"start":{"line":19,"column":0},"end":{"line":19,"column":49}},"19":{"start":{"line":20,"column":0},"end":{"line":20,"column":57}},"20":{"start":{"line":21,"column":0},"end":{"line":21,"column":40}},"21":{"start":{"line":22,"column":0},"end":{"line":22,"column":39}},"22":{"start":{"line":23,"column":0},"end":{"line":23,"column":42}},"23":{"start":{"line":24,"column":0},"end":{"line":24,"column":40}},"24":{"start":{"line":25,"column":0},"end":{"line":25,"column":4}},"25":{"start":{"line":26,"column":0},"end":{"line":26,"column":49}},"26":{"start":{"line":27,"column":0},"end":{"line":27,"column":445}},"27":{"start":{"line":28,"column":0},"end":{"line":28,"column":1}},"29":{"start":{"line":30,"column":0},"end":{"line":30,"column":53}},"30":{"start":{"line":31,"column":0},"end":{"line":31,"column":74}},"31":{"start":{"line":32,"column":0},"end":{"line":32,"column":1}}},"s":{"11":1,"12":1,"13":1,"14":1,"15":1,"16":1,"18":1,"19":15,"20":15,"21":15,"22":15,"23":15,"24":15,"25":15,"26":15,"27":15,"29":1,"30":7,"31":7},"branchMap":{"0":{"type":"branch","line":19,"loc":{"start":{"line":19,"column":7},"end":{"line":28,"column":1}},"locations":[{"start":{"line":19,"column":7},"end":{"line":28,"column":1}}]},"1":{"type":"branch","line":26,"loc":{"start":{"line":26,"column":33},"end":{"line":26,"column":49}},"locations":[{"start":{"line":26,"column":33},"end":{"line":26,"column":49}}]},"2":{"type":"branch","line":30,"loc":{"start":{"line":30,"column":7},"end":{"line":32,"column":1}},"locations":[{"start":{"line":30,"column":7},"end":{"line":32,"column":1}}]}},"b":{"0":[15],"1":[1],"2":[7]},"fnMap":{"0":{"name":"avatarSVG","decl":{"start":{"line":19,"column":7},"end":{"line":28,"column":1}},"loc":{"start":{"line":19,"column":7},"end":{"line":28,"column":1}},"line":19},"1":{"name":"avatarDataUrl","decl":{"start":{"line":30,"column":7},"end":{"line":32,"column":1}},"loc":{"start":{"line":30,"column":7},"end":{"line":32,"column":1}},"line":30}},"f":{"0":15,"1":7}}
,"/Users/anatoliitarasov/MarusjaCakes/app-svelte/src/lib/currency.ts": {"path":"/Users/anatoliitarasov/MarusjaCakes/app-svelte/src/lib/currency.ts","all":false,"statementMap":{"0":{"start":{"line":1,"column":0},"end":{"line":1,"column":36}},"2":{"start":{"line":3,"column":0},"end":{"line":3,"column":67}},"3":{"start":{"line":4,"column":0},"end":{"line":4,"column":57}},"4":{"start":{"line":5,"column":0},"end":{"line":5,"column":1}}},"s":{"0":1,"2":1,"3":16,"4":16},"branchMap":{"0":{"type":"branch","line":3,"loc":{"start":{"line":3,"column":7},"end":{"line":5,"column":1}},"locations":[{"start":{"line":3,"column":7},"end":{"line":5,"column":1}}]}},"b":{"0":[16]},"fnMap":{"0":{"name":"formatPrice","decl":{"start":{"line":3,"column":7},"end":{"line":5,"column":1}},"loc":{"start":{"line":3,"column":7},"end":{"line":5,"column":1}},"line":3}},"f":{"0":16}}
,"/Users/anatoliitarasov/MarusjaCakes/app-svelte/src/lib/localize.ts": {"path":"/Users/anatoliitarasov/MarusjaCakes/app-svelte/src/lib/localize.ts","all":false,"statementMap":{"4":{"start":{"line":5,"column":0},"end":{"line":5,"column":85}},"5":{"start":{"line":6,"column":0},"end":{"line":6,"column":10}},"6":{"start":{"line":7,"column":0},"end":{"line":7,"column":15}},"7":{"start":{"line":8,"column":0},"end":{"line":8,"column":43}},"8":{"start":{"line":9,"column":0},"end":{"line":9,"column":49}},"9":{"start":{"line":10,"column":0},"end":{"line":10,"column":43}},"10":{"start":{"line":11,"column":0},"end":{"line":11,"column":58}},"11":{"start":{"line":12,"column":0},"end":{"line":12,"column":59}},"12":{"start":{"line":13,"column":0},"end":{"line":13,"column":54}},"13":{"start":{"line":14,"column":0},"end":{"line":14,"column":45}},"14":{"start":{"line":15,"column":0},"end":{"line":15,"column":4}},"15":{"start":{"line":16,"column":0},"end":{"line":16,"column":1}},"17":{"start":{"line":18,"column":0},"end":{"line":18,"column":91}},"18":{"start":{"line":19,"column":0},"end":{"line":19,"column":52}},"19":{"start":{"line":20,"column":0},"end":{"line":20,"column":1}}},"s":{"4":1,"5":19,"6":19,"7":19,"8":19,"9":19,"10":19,"11":19,"12":19,"13":19,"14":19,"15":19,"17":1,"18":2,"19":2},"branchMap":{"0":{"type":"branch","line":5,"loc":{"start":{"line":5,"column":7},"end":{"line":16,"column":1}},"locations":[{"start":{"line":5,"column":7},"end":{"line":16,"column":1}}]},"1":{"type":"branch","line":12,"loc":{"start":{"line":12,"column":32},"end":{"line":12,"column":57}},"locations":[{"start":{"line":12,"column":32},"end":{"line":12,"column":57}}]},"2":{"type":"branch","line":18,"loc":{"start":{"line":18,"column":7},"end":{"line":20,"column":1}},"locations":[{"start":{"line":18,"column":7},"end":{"line":20,"column":1}}]},"3":{"type":"branch","line":19,"loc":{"start":{"line":19,"column":22},"end":{"line":19,"column":50}},"locations":[{"start":{"line":19,"column":22},"end":{"line":19,"column":50}}]}},"b":{"0":[19],"1":[35],"2":[2],"3":[6]},"fnMap":{"0":{"name":"localizeProduct","decl":{"start":{"line":5,"column":7},"end":{"line":16,"column":1}},"loc":{"start":{"line":5,"column":7},"end":{"line":16,"column":1}},"line":5},"1":{"name":"localizeProducts","decl":{"start":{"line":18,"column":7},"end":{"line":20,"column":1}},"loc":{"start":{"line":18,"column":7},"end":{"line":20,"column":1}},"line":18}},"f":{"0":19,"1":2}}
,"/Users/anatoliitarasov/MarusjaCakes/app-svelte/src/lib/logo.ts": {"path":"/Users/anatoliitarasov/MarusjaCakes/app-svelte/src/lib/logo.ts","all":false,"statementMap":{"0":{"start":{"line":1,"column":0},"end":{"line":1,"column":15346}}},"s":{"0":1},"branchMap":{},"b":{},"fnMap":{},"f":{}}
,"/Users/anatoliitarasov/MarusjaCakes/app-svelte/src/lib/productImages.ts": {"path":"/Users/anatoliitarasov/MarusjaCakes/app-svelte/src/lib/productImages.ts","all":false,"statementMap":{"0":{"start":{"line":1,"column":0},"end":{"line":1,"column":29}},"7":{"start":{"line":8,"column":0},"end":{"line":8,"column":64}},"9":{"start":{"line":10,"column":0},"end":{"line":10,"column":55}},"10":{"start":{"line":11,"column":0},"end":{"line":11,"column":42}},"11":{"start":{"line":12,"column":0},"end":{"line":12,"column":1}},"14":{"start":{"line":15,"column":0},"end":{"line":15,"column":82}},"17":{"start":{"line":18,"column":0},"end":{"line":18,"column":70}},"20":{"start":{"line":21,"column":0},"end":{"line":21,"column":56}},"23":{"start":{"line":24,"column":0},"end":{"line":24,"column":64}},"26":{"start":{"line":27,"column":0},"end":{"line":27,"column":26}},"28":{"start":{"line":29,"column":0},"end":{"line":29,"column":33}},"29":{"start":{"line":30,"column":0},"end":{"line":30,"column":96}},"31":{"start":{"line":32,"column":0},"end":{"line":32,"column":33}},"32":{"start":{"line":33,"column":0},"end":{"line":33,"column":75}},"34":{"start":{"line":35,"column":0},"end":{"line":35,"column":34}},"35":{"start":{"line":36,"column":0},"end":{"line":36,"column":136}},"37":{"start":{"line":38,"column":0},"end":{"line":38,"column":34}},"38":{"start":{"line":39,"column":0},"end":{"line":39,"column":93}},"40":{"start":{"line":41,"column":0},"end":{"line":41,"column":37}},"43":{"start":{"line":44,"column":0},"end":{"line":44,"column":48}},"44":{"start":{"line":45,"column":0},"end":{"line":45,"column":42}},"45":{"start":{"line":46,"column":0},"end":{"line":46,"column":55}},"46":{"start":{"line":47,"column":0},"end":{"line":47,"column":33}},"47":{"start":{"line":48,"column":0},"end":{"line":48,"column":85}},"51":{"start":{"line":52,"column":0},"end":{"line":52,"column":95}},"52":{"start":{"line":53,"column":0},"end":{"line":53,"column":22}},"53":{"start":{"line":54,"column":0},"end":{"line":54,"column":62}},"54":{"start":{"line":55,"column":0},"end":{"line":55,"column":1}},"56":{"start":{"line":57,"column":0},"end":{"line":57,"column":28}},"57":{"start":{"line":58,"column":0},"end":{"line":58,"column":20}},"58":{"start":{"line":59,"column":0},"end":{"line":59,"column":16}},"59":{"start":{"line":60,"column":0},"end":{"line":60,"column":28}},"60":{"start":{"line":61,"column":0},"end":{"line":61,"column":11}},"61":{"start":{"line":62,"column":0},"end":{"line":62,"column":91}},"62":{"start":{"line":63,"column":0},"end":{"line":63,"column":1}},"64":{"start":{"line":65,"column":0},"end":{"line":65,"column":66}},"65":{"start":{"line":66,"column":0},"end":{"line":66,"column":90}},"66":{"start":{"line":67,"column":0},"end":{"line":67,"column":1}},"68":{"start":{"line":69,"column":0},"end":{"line":69,"column":45}},"69":{"start":{"line":70,"column":0},"end":{"line":70,"column":78}},"70":{"start":{"line":71,"column":0},"end":{"line":71,"column":1}},"72":{"start":{"line":73,"column":0},"end":{"line":73,"column":48}},"73":{"start":{"line":74,"column":0},"end":{"line":74,"column":91}},"74":{"start":{"line":75,"column":0},"end":{"line":75,"column":1}}},"s":{"0":1,"7":1,"9":1,"10":13,"11":13,"14":1,"17":1,"20":1,"23":1,"26":1,"28":1,"29":1,"31":1,"32":1,"34":1,"35":1,"37":1,"38":1,"40":1,"43":1,"44":1,"45":1,"46":1,"47":1,"51":1,"52":25,"53":25,"54":25,"56":1,"57":3,"58":3,"59":3,"60":3,"61":3,"62":3,"64":1,"65":1,"66":1,"68":1,"69":1,"70":1,"72":1,"73":1,"74":1},"branchMap":{"0":{"type":"branch","line":10,"loc":{"start":{"line":10,"column":7},"end":{"line":12,"column":1}},"locations":[{"start":{"line":10,"column":7},"end":{"line":12,"column":1}}]},"1":{"type":"branch","line":52,"loc":{"start":{"line":52,"column":7},"end":{"line":55,"column":1}},"locations":[{"start":{"line":52,"column":7},"end":{"line":55,"column":1}}]},"2":{"type":"branch","line":54,"loc":{"start":{"line":54,"column":31},"end":{"line":54,"column":53}},"locations":[{"start":{"line":54,"column":31},"end":{"line":54,"column":53}}]},"3":{"type":"branch","line":57,"loc":{"start":{"line":57,"column":7},"end":{"line":63,"column":1}},"locations":[{"start":{"line":57,"column":7},"end":{"line":63,"column":1}}]},"4":{"type":"branch","line":62,"loc":{"start":{"line":62,"column":20},"end":{"line":62,"column":78}},"locations":[{"start":{"line":62,"column":20},"end":{"line":62,"column":78}}]},"5":{"type":"branch","line":65,"loc":{"start":{"line":65,"column":7},"end":{"line":67,"column":1}},"locations":[{"start":{"line":65,"column":7},"end":{"line":67,"column":1}}]},"6":{"type":"branch","line":66,"loc":{"start":{"line":66,"column":45},"end":{"line":66,"column":88}},"locations":[{"start":{"line":66,"column":45},"end":{"line":66,"column":88}}]},"7":{"type":"branch","line":69,"loc":{"start":{"line":69,"column":7},"end":{"line":71,"column":1}},"locations":[{"start":{"line":69,"column":7},"end":{"line":71,"column":1}}]},"8":{"type":"branch","line":73,"loc":{"start":{"line":73,"column":7},"end":{"line":75,"column":1}},"locations":[{"start":{"line":73,"column":7},"end":{"line":75,"column":1}}]}},"b":{"0":[13],"1":[25],"2":[15],"3":[3],"4":[9],"5":[1],"6":[4],"7":[1],"8":[1]},"fnMap":{"0":{"name":"hasPhotos","decl":{"start":{"line":10,"column":7},"end":{"line":12,"column":1}},"loc":{"start":{"line":10,"column":7},"end":{"line":12,"column":1}},"line":10},"1":{"name":"getProductImagePath","decl":{"start":{"line":52,"column":7},"end":{"line":55,"column":1}},"loc":{"start":{"line":52,"column":7},"end":{"line":55,"column":1}},"line":52},"2":{"name":"buildSrcSet","decl":{"start":{"line":57,"column":7},"end":{"line":63,"column":1}},"loc":{"start":{"line":57,"column":7},"end":{"line":63,"column":1}},"line":57},"3":{"name":"getProductImageUrls","decl":{"start":{"line":65,"column":7},"end":{"line":67,"column":1}},"loc":{"start":{"line":65,"column":7},"end":{"line":67,"column":1}},"line":65},"4":{"name":"getLandingHeroSrc","decl":{"start":{"line":69,"column":7},"end":{"line":71,"column":1}},"loc":{"start":{"line":69,"column":7},"end":{"line":71,"column":1}},"line":69},"5":{"name":"getLandingHeroSrcSet","decl":{"start":{"line":73,"column":7},"end":{"line":75,"column":1}},"loc":{"start":{"line":73,"column":7},"end":{"line":75,"column":1}},"line":73}},"f":{"0":13,"1":25,"2":3,"3":1,"4":1,"5":1}}
,"/Users/anatoliitarasov/MarusjaCakes/app-svelte/src/lib/actions/portal.ts": {"path":"/Users/anatoliitarasov/MarusjaCakes/app-svelte/src/lib/actions/portal.ts","all":false,"statementMap":{"3":{"start":{"line":4,"column":0},"end":{"line":4,"column":41}},"4":{"start":{"line":5,"column":0},"end":{"line":5,"column":34}},"5":{"start":{"line":6,"column":0},"end":{"line":6,"column":10}},"6":{"start":{"line":7,"column":0},"end":{"line":7,"column":15}},"7":{"start":{"line":8,"column":0},"end":{"line":8,"column":20}},"8":{"start":{"line":9,"column":0},"end":{"line":9,"column":6}},"9":{"start":{"line":10,"column":0},"end":{"line":10,"column":4}},"10":{"start":{"line":11,"column":0},"end":{"line":11,"column":2}}},"s":{"3":1,"4":2,"5":2,"6":2,"7":1,"8":1,"9":2,"10":2},"branchMap":{"0":{"type":"branch","line":4,"loc":{"start":{"line":4,"column":30},"end":{"line":11,"column":2}},"locations":[{"start":{"line":4,"column":30},"end":{"line":11,"column":2}}]},"1":{"type":"branch","line":7,"loc":{"start":{"line":7,"column":4},"end":{"line":9,"column":6}},"locations":[{"start":{"line":7,"column":4},"end":{"line":9,"column":6}}]}},"b":{"0":[2],"1":[1]},"fnMap":{"0":{"name":"portal","decl":{"start":{"line":4,"column":30},"end":{"line":11,"column":2}},"loc":{"start":{"line":4,"column":30},"end":{"line":11,"column":2}},"line":4},"1":{"name":"destroy","decl":{"start":{"line":7,"column":4},"end":{"line":9,"column":6}},"loc":{"start":{"line":7,"column":4},"end":{"line":9,"column":6}},"line":7}},"f":{"0":2,"1":1}}
,"/Users/anatoliitarasov/MarusjaCakes/app-svelte/src/lib/components/auth/AuthModal.svelte": {"path":"/Users/anatoliitarasov/MarusjaCakes/app-svelte/src/lib/components/auth/AuthModal.svelte","all":false,"statementMap":{"0":{"start":{"line":1,"column":0},"end":{"line":1,"column":18}},"9":{"start":{"line":10,"column":0},"end":{"line":10,"column":44}},"11":{"start":{"line":12,"column":0},"end":{"line":12,"column":37}},"12":{"start":{"line":13,"column":0},"end":{"line":13,"column":19}},"13":{"start":{"line":14,"column":0},"end":{"line":14,"column":22}},"14":{"start":{"line":15,"column":0},"end":{"line":15,"column":15}},"15":{"start":{"line":16,"column":0},"end":{"line":16,"column":32}},"16":{"start":{"line":17,"column":0},"end":{"line":17,"column":13}},"17":{"start":{"line":18,"column":0},"end":{"line":18,"column":27}},"18":{"start":{"line":19,"column":0},"end":{"line":19,"column":27}},"19":{"start":{"line":20,"column":0},"end":{"line":20,"column":30}},"20":{"start":{"line":21,"column":0},"end":{"line":21,"column":28}},"21":{"start":{"line":22,"column":0},"end":{"line":22,"column":30}},"22":{"start":{"line":23,"column":0},"end":{"line":23,"column":47}},"23":{"start":{"line":24,"column":0},"end":{"line":24,"column":23}},"24":{"start":{"line":25,"column":0},"end":{"line":25,"column":36}},"26":{"start":{"line":27,"column":0},"end":{"line":27,"column":21}},"27":{"start":{"line":28,"column":0},"end":{"line":28,"column":25}},"28":{"start":{"line":29,"column":0},"end":{"line":29,"column":53}},"29":{"start":{"line":30,"column":0},"end":{"line":30,"column":13}},"30":{"start":{"line":31,"column":0},"end":{"line":31,"column":3}},"31":{"start":{"line":32,"column":0},"end":{"line":32,"column":9}},"33":{"start":{"line":34,"column":0},"end":{"line":34,"column":15}},"35":{"start":{"line":36,"column":0},"end":{"line":36,"column":6}},"37":{"start":{"line":38,"column":0},"end":{"line":38,"column":50}},"38":{"start":{"line":39,"column":0},"end":{"line":39,"column":75}},"41":{"start":{"line":42,"column":0},"end":{"line":42,"column":8}},"43":{"start":{"line":44,"column":0},"end":{"line":44,"column":42}},"49":{"start":{"line":50,"column":0},"end":{"line":50,"column":23}},"50":{"start":{"line":51,"column":0},"end":{"line":51,"column":79}},"51":{"start":{"line":52,"column":0},"end":{"line":52,"column":25}},"53":{"start":{"line":54,"column":0},"end":{"line":54,"column":26}},"54":{"start":{"line":55,"column":0},"end":{"line":55,"column":35}},"56":{"start":{"line":57,"column":0},"end":{"line":57,"column":69}},"57":{"start":{"line":58,"column":0},"end":{"line":58,"column":53}},"60":{"start":{"line":61,"column":0},"end":{"line":61,"column":24}},"61":{"start":{"line":62,"column":0},"end":{"line":62,"column":31}},"62":{"start":{"line":63,"column":0},"end":{"line":63,"column":39}},"63":{"start":{"line":64,"column":0},"end":{"line":64,"column":19}},"65":{"start":{"line":66,"column":0},"end":{"line":66,"column":34}},"66":{"start":{"line":67,"column":0},"end":{"line":67,"column":79}},"67":{"start":{"line":68,"column":0},"end":{"line":68,"column":93}},"68":{"start":{"line":69,"column":0},"end":{"line":69,"column":42}},"70":{"start":{"line":71,"column":0},"end":{"line":71,"column":36}},"71":{"start":{"line":72,"column":0},"end":{"line":72,"column":42}},"73":{"start":{"line":74,"column":0},"end":{"line":74,"column":49}},"74":{"start":{"line":75,"column":0},"end":{"line":75,"column":61}},"80":{"start":{"line":81,"column":0},"end":{"line":81,"column":29}},"82":{"start":{"line":83,"column":0},"end":{"line":83,"column":30}},"86":{"start":{"line":87,"column":0},"end":{"line":87,"column":57}},"87":{"start":{"line":88,"column":0},"end":{"line":88,"column":47}}},"s":{"0":8,"9":8,"11":8,"12":5,"13":5,"14":5,"15":5,"16":5,"17":5,"18":5,"19":5,"20":4,"21":5,"22":5,"23":5,"24":5,"26":5,"27":5,"28":5,"29":5,"30":5,"31":8,"33":1,"35":1,"37":1,"38":1,"41":1,"43":1,"49":1,"50":1,"51":1,"53":1,"54":1,"56":1,"57":1,"60":1,"61":1,"62":1,"63":1,"65":1,"66":1,"67":1,"68":1,"70":1,"71":1,"73":1,"74":1,"80":1,"82":1,"86":1,"87":1},"branchMap":{"0":{"type":"branch","line":1,"loc":{"start":{"line":1,"column":0},"end":{"line":32,"column":9}},"locations":[{"start":{"line":1,"column":0},"end":{"line":32,"column":9}}]},"1":{"type":"branch","line":12,"loc":{"start":{"line":12,"column":2},"end":{"line":31,"column":3}},"locations":[{"start":{"line":12,"column":2},"end":{"line":31,"column":3}}]},"2":{"type":"branch","line":14,"loc":{"start":{"line":14,"column":21},"end":{"line":30,"column":5}},"locations":[{"start":{"line":14,"column":21},"end":{"line":30,"column":5}}]},"3":{"type":"branch","line":19,"loc":{"start":{"line":19,"column":14},"end":{"line":19,"column":27}},"locations":[{"start":{"line":19,"column":14},"end":{"line":19,"column":27}}]},"4":{"type":"branch","line":20,"loc":{"start":{"line":20,"column":14},"end":{"line":22,"column":29}},"locations":[{"start":{"line":20,"column":14},"end":{"line":22,"column":29}}]},"5":{"type":"branch","line":20,"loc":{"start":{"line":20,"column":29},"end":{"line":21,"column":27}},"locations":[{"start":{"line":20,"column":29},"end":{"line":21,"column":27}}]},"6":{"type":"branch","line":21,"loc":{"start":{"line":21,"column":27},"end":{"line":22,"column":29}},"locations":[{"start":{"line":21,"column":27},"end":{"line":22,"column":29}}]},"7":{"type":"branch","line":52,"loc":{"start":{"line":52,"column":11},"end":{"line":52,"column":25}},"locations":[{"start":{"line":52,"column":11},"end":{"line":52,"column":25}}]},"8":{"type":"branch","line":62,"loc":{"start":{"line":62,"column":12},"end":{"line":63,"column":26}},"locations":[{"start":{"line":62,"column":12},"end":{"line":63,"column":26}}]},"9":{"type":"branch","line":63,"loc":{"start":{"line":63,"column":26},"end":{"line":63,"column":37}},"locations":[{"start":{"line":63,"column":26},"end":{"line":63,"column":37}}]},"10":{"type":"branch","line":75,"loc":{"start":{"line":75,"column":17},"end":{"line":75,"column":19}},"locations":[{"start":{"line":75,"column":17},"end":{"line":75,"column":19}}]},"11":{"type":"branch","line":75,"loc":{"start":{"line":75,"column":17},"end":{"line":75,"column":19}},"locations":[{"start":{"line":75,"column":17},"end":{"line":75,"column":19}}]},"12":{"type":"branch","line":75,"loc":{"start":{"line":75,"column":17},"end":{"line":75,"column":61}},"locations":[{"start":{"line":75,"column":17},"end":{"line":75,"column":61}}]},"13":{"type":"branch","line":71,"loc":{"start":{"line":71,"column":35},"end":{"line":71,"column":36}},"locations":[{"start":{"line":71,"column":35},"end":{"line":71,"column":36}}]},"14":{"type":"branch","line":71,"loc":{"start":{"line":71,"column":35},"end":{"line":71,"column":36}},"locations":[{"start":{"line":71,"column":35},"end":{"line":71,"column":36}}]},"15":{"type":"branch","line":67,"loc":{"start":{"line":67,"column":41},"end":{"line":67,"column":64}},"locations":[{"start":{"line":67,"column":41},"end":{"line":67,"column":64}}]},"16":{"type":"branch","line":67,"loc":{"start":{"line":67,"column":61},"end":{"line":67,"column":72}},"locations":[{"start":{"line":67,"column":61},"end":{"line":67,"column":72}}]},"17":{"type":"branch","line":67,"loc":{"start":{"line":67,"column":72},"end":{"line":67,"column":77}},"locations":[{"start":{"line":67,"column":72},"end":{"line":67,"column":77}}]},"18":{"type":"branch","line":68,"loc":{"start":{"line":68,"column":50},"end":{"line":68,"column":66}},"locations":[{"start":{"line":68,"column":50},"end":{"line":68,"column":66}}]},"19":{"type":"branch","line":68,"loc":{"start":{"line":68,"column":73},"end":{"line":68,"column":84}},"locations":[{"start":{"line":68,"column":73},"end":{"line":68,"column":84}}]},"20":{"type":"branch","line":68,"loc":{"start":{"line":68,"column":90},"end":{"line":68,"column":93}},"locations":[{"start":{"line":68,"column":90},"end":{"line":68,"column":93}}]},"21":{"type":"branch","line":57,"loc":{"start":{"line":57,"column":45},"end":{"line":57,"column":69}},"locations":[{"start":{"line":57,"column":45},"end":{"line":57,"column":69}}]},"22":{"type":"branch","line":58,"loc":{"start":{"line":58,"column":29},"end":{"line":58,"column":53}},"locations":[{"start":{"line":58,"column":29},"end":{"line":58,"column":53}}]},"23":{"type":"branch","line":83,"loc":{"start":{"line":83,"column":11},"end":{"line":83,"column":30}},"locations":[{"start":{"line":83,"column":11},"end":{"line":83,"column":30}}]},"24":{"type":"branch","line":87,"loc":{"start":{"line":87,"column":31},"end":{"line":87,"column":57}},"locations":[{"start":{"line":87,"column":31},"end":{"line":87,"column":57}}]},"25":{"type":"branch","line":88,"loc":{"start":{"line":88,"column":26},"end":{"line":88,"column":47}},"locations":[{"start":{"line":88,"column":26},"end":{"line":88,"column":47}}]},"26":{"type":"branch","line":34,"loc":{"start":{"line":34,"column":14},"end":{"line":34,"column":15}},"locations":[{"start":{"line":34,"column":14},"end":{"line":34,"column":15}}]}},"b":{"0":[8],"1":[5],"2":[5],"3":[1],"4":[4],"5":[2],"6":[2],"7":[7],"8":[7],"9":[56],"10":[28],"11":[0],"12":[28],"13":[5],"14":[43],"15":[20],"16":[15],"17":[33],"18":[0],"19":[0],"20":[0],"21":[7],"22":[7],"23":[7],"24":[7],"25":[7],"26":[7]},"fnMap":{"0":{"name":"AuthModal","decl":{"start":{"line":1,"column":0},"end":{"line":32,"column":9}},"loc":{"start":{"line":1,"column":0},"end":{"line":32,"column":9}},"line":1},"1":{"name":"signIn","decl":{"start":{"line":12,"column":2},"end":{"line":31,"column":3}},"loc":{"start":{"line":12,"column":2},"end":{"line":31,"column":3}},"line":12},"2":{"name":"__vite_ssr_import_1__.add_svelte_meta.componentTag","decl":{"start":{"line":52,"column":11},"end":{"line":52,"column":25}},"loc":{"start":{"line":52,"column":11},"end":{"line":52,"column":25}},"line":52}},"f":{"0":8,"1":5,"2":7}}
,"/Users/anatoliitarasov/MarusjaCakes/app-svelte/src/lib/components/auth/ProviderGlyph.svelte": {"path":"/Users/anatoliitarasov/MarusjaCakes/app-svelte/src/lib/components/auth/ProviderGlyph.svelte","all":false,"statementMap":{"0":{"start":{"line":1,"column":0},"end":{"line":1,"column":18}},"5":{"start":{"line":6,"column":0},"end":{"line":6,"column":9}},"7":{"start":{"line":8,"column":0},"end":{"line":8,"column":24}},"8":{"start":{"line":9,"column":0},"end":{"line":9,"column":69}},"14":{"start":{"line":15,"column":0},"end":{"line":15,"column":29}},"15":{"start":{"line":16,"column":0},"end":{"line":16,"column":81}},"18":{"start":{"line":19,"column":0},"end":{"line":19,"column":31}},"19":{"start":{"line":20,"column":0},"end":{"line":20,"column":49}},"20":{"start":{"line":21,"column":0},"end":{"line":21,"column":28}},"21":{"start":{"line":22,"column":0},"end":{"line":22,"column":39}}},"s":{"0":28,"5":28,"7":1,"8":21,"14":21,"15":14,"18":14,"19":7,"20":7,"21":1},"branchMap":{"0":{"type":"branch","line":1,"loc":{"start":{"line":1,"column":0},"end":{"line":6,"column":9}},"locations":[{"start":{"line":1,"column":0},"end":{"line":6,"column":9}}]},"1":{"type":"branch","line":20,"loc":{"start":{"line":20,"column":3},"end":{"line":20,"column":49}},"locations":[{"start":{"line":20,"column":3},"end":{"line":20,"column":49}}]},"2":{"type":"branch","line":8,"loc":{"start":{"line":8,"column":23},"end":{"line":8,"column":24}},"locations":[{"start":{"line":8,"column":23},"end":{"line":8,"column":24}}]},"3":{"type":"branch","line":8,"loc":{"start":{"line":8,"column":23},"end":{"line":21,"column":28}},"locations":[{"start":{"line":8,"column":23},"end":{"line":21,"column":28}}]},"4":{"type":"branch","line":15,"loc":{"start":{"line":15,"column":28},"end":{"line":15,"column":29}},"locations":[{"start":{"line":15,"column":28},"end":{"line":15,"column":29}}]},"5":{"type":"branch","line":15,"loc":{"start":{"line":15,"column":28},"end":{"line":21,"column":28}},"locations":[{"start":{"line":15,"column":28},"end":{"line":21,"column":28}}]},"6":{"type":"branch","line":19,"loc":{"start":{"line":19,"column":30},"end":{"line":21,"column":28}},"locations":[{"start":{"line":19,"column":30},"end":{"line":21,"column":28}}]}},"b":{"0":[28],"1":[7],"2":[7],"3":[21],"4":[7],"5":[14],"6":[7]},"fnMap":{"0":{"name":"ProviderGlyph","decl":{"start":{"line":1,"column":0},"end":{"line":6,"column":9}},"loc":{"start":{"line":1,"column":0},"end":{"line":6,"column":9}},"line":1},"1":{"name":"__vite_ssr_import_1__.add_svelte_meta.componentTag","decl":{"start":{"line":20,"column":3},"end":{"line":20,"column":49}},"loc":{"start":{"line":20,"column":3},"end":{"line":20,"column":49}},"line":20}},"f":{"0":28,"1":7}}
,"/Users/anatoliitarasov/MarusjaCakes/app-svelte/src/lib/components/cart/CartLine.svelte": {"path":"/Users/anatoliitarasov/MarusjaCakes/app-svelte/src/lib/components/cart/CartLine.svelte","all":false,"statementMap":{"0":{"start":{"line":1,"column":0},"end":{"line":1,"column":18}},"12":{"start":{"line":13,"column":0},"end":{"line":13,"column":62}},"13":{"start":{"line":14,"column":0},"end":{"line":14,"column":9}},"15":{"start":{"line":16,"column":0},"end":{"line":16,"column":18}},"16":{"start":{"line":17,"column":0},"end":{"line":17,"column":58}},"17":{"start":{"line":18,"column":0},"end":{"line":18,"column":30}},"18":{"start":{"line":19,"column":0},"end":{"line":19,"column":38}},"19":{"start":{"line":20,"column":0},"end":{"line":20,"column":12}},"20":{"start":{"line":21,"column":0},"end":{"line":21,"column":55}},"21":{"start":{"line":22,"column":0},"end":{"line":22,"column":30}},"26":{"start":{"line":27,"column":0},"end":{"line":27,"column":44}},"30":{"start":{"line":31,"column":0},"end":{"line":31,"column":24}},"31":{"start":{"line":32,"column":0},"end":{"line":32,"column":48}},"32":{"start":{"line":33,"column":0},"end":{"line":33,"column":89}},"33":{"start":{"line":34,"column":0},"end":{"line":34,"column":29}},"34":{"start":{"line":35,"column":0},"end":{"line":35,"column":23}},"35":{"start":{"line":36,"column":0},"end":{"line":36,"column":85}},"36":{"start":{"line":37,"column":0},"end":{"line":37,"column":56}},"38":{"start":{"line":39,"column":0},"end":{"line":39,"column":90}},"39":{"start":{"line":40,"column":0},"end":{"line":40,"column":15}},"43":{"start":{"line":44,"column":0},"end":{"line":44,"column":48}},"45":{"start":{"line":46,"column":0},"end":{"line":46,"column":28}},"48":{"start":{"line":49,"column":0},"end":{"line":49,"column":80}},"49":{"start":{"line":50,"column":0},"end":{"line":50,"column":48}},"53":{"start":{"line":54,"column":0},"end":{"line":54,"column":67}}},"s":{"0":7,"12":7,"13":7,"15":1,"16":1,"17":1,"18":1,"19":1,"20":1,"21":1,"26":1,"30":1,"31":1,"32":1,"33":1,"34":1,"35":1,"36":1,"38":1,"39":1,"43":1,"45":1,"48":1,"49":1,"53":1},"branchMap":{"0":{"type":"branch","line":1,"loc":{"start":{"line":1,"column":0},"end":{"line":14,"column":9}},"locations":[{"start":{"line":1,"column":0},"end":{"line":14,"column":9}}]},"1":{"type":"branch","line":13,"loc":{"start":{"line":13,"column":15},"end":{"line":13,"column":62}},"locations":[{"start":{"line":13,"column":15},"end":{"line":13,"column":62}}]},"2":{"type":"branch","line":21,"loc":{"start":{"line":21,"column":15},"end":{"line":21,"column":55}},"locations":[{"start":{"line":21,"column":15},"end":{"line":21,"column":55}}]},"3":{"type":"branch","line":19,"loc":{"start":{"line":19,"column":11},"end":{"line":19,"column":38}},"locations":[{"start":{"line":19,"column":11},"end":{"line":19,"column":38}}]},"4":{"type":"branch","line":37,"loc":{"start":{"line":37,"column":11},"end":{"line":37,"column":56}},"locations":[{"start":{"line":37,"column":11},"end":{"line":37,"column":56}}]},"5":{"type":"branch","line":46,"loc":{"start":{"line":46,"column":11},"end":{"line":46,"column":28}},"locations":[{"start":{"line":46,"column":11},"end":{"line":46,"column":28}}]},"6":{"type":"branch","line":50,"loc":{"start":{"line":50,"column":9},"end":{"line":50,"column":30}},"locations":[{"start":{"line":50,"column":9},"end":{"line":50,"column":30}}]},"7":{"type":"branch","line":33,"loc":{"start":{"line":33,"column":27},"end":{"line":33,"column":89}},"locations":[{"start":{"line":33,"column":27},"end":{"line":33,"column":89}}]},"8":{"type":"branch","line":50,"loc":{"start":{"line":50,"column":30},"end":{"line":50,"column":48}},"locations":[{"start":{"line":50,"column":30},"end":{"line":50,"column":48}}]},"9":{"type":"branch","line":54,"loc":{"start":{"line":54,"column":26},"end":{"line":54,"column":67}},"locations":[{"start":{"line":54,"column":26},"end":{"line":54,"column":67}}]}},"b":{"0":[7],"1":[7],"2":[7],"3":[7],"4":[7],"5":[7],"6":[7],"7":[7],"8":[7],"9":[7]},"fnMap":{"0":{"name":"CartLine","decl":{"start":{"line":1,"column":0},"end":{"line":14,"column":9}},"loc":{"start":{"line":1,"column":0},"end":{"line":14,"column":9}},"line":1},"1":{"name":"CartLine.__vite_ssr_import_1__.add_svelte_meta.componentTag","decl":{"start":{"line":37,"column":11},"end":{"line":37,"column":56}},"loc":{"start":{"line":37,"column":11},"end":{"line":37,"column":56}},"line":37},"2":{"name":"CartLine.__vite_ssr_import_1__.add_svelte_meta.componentTag","decl":{"start":{"line":46,"column":11},"end":{"line":46,"column":28}},"loc":{"start":{"line":46,"column":11},"end":{"line":46,"column":28}},"line":46},"3":{"name":"CartLine.__vite_ssr_import_1__.add_svelte_meta.componentTag","decl":{"start":{"line":50,"column":9},"end":{"line":50,"column":30}},"loc":{"start":{"line":50,"column":9},"end":{"line":50,"column":30}},"line":50}},"f":{"0":7,"1":7,"2":7,"3":7}}
,"/Users/anatoliitarasov/MarusjaCakes/app-svelte/src/lib/components/ui/Button.svelte": {"path":"/Users/anatoliitarasov/MarusjaCakes/app-svelte/src/lib/components/ui/Button.svelte","all":false,"statementMap":{"0":{"start":{"line":1,"column":0},"end":{"line":1,"column":18}},"12":{"start":{"line":13,"column":0},"end":{"line":13,"column":7}},"13":{"start":{"line":14,"column":0},"end":{"line":14,"column":24}},"14":{"start":{"line":15,"column":0},"end":{"line":15,"column":22}},"15":{"start":{"line":16,"column":0},"end":{"line":16,"column":26}},"17":{"start":{"line":18,"column":0},"end":{"line":18,"column":11}},"19":{"start":{"line":20,"column":0},"end":{"line":20,"column":9}},"21":{"start":{"line":22,"column":0},"end":{"line":22,"column":7}},"23":{"start":{"line":24,"column":0},"end":{"line":24,"column":61}},"24":{"start":{"line":25,"column":0},"end":{"line":25,"column":11}}},"s":{"0":12,"12":12,"13":12,"14":12,"15":12,"17":12,"19":12,"21":1,"23":1,"24":1},"branchMap":{"0":{"type":"branch","line":1,"loc":{"start":{"line":1,"column":0},"end":{"line":20,"column":9}},"locations":[{"start":{"line":1,"column":0},"end":{"line":20,"column":9}}]},"1":{"type":"branch","line":24,"loc":{"start":{"line":24,"column":21},"end":{"line":24,"column":24}},"locations":[{"start":{"line":24,"column":21},"end":{"line":24,"column":24}}]},"2":{"type":"branch","line":24,"loc":{"start":{"line":24,"column":33},"end":{"line":24,"column":42}},"locations":[{"start":{"line":24,"column":33},"end":{"line":24,"column":42}}]},"3":{"type":"branch","line":24,"loc":{"start":{"line":24,"column":42},"end":{"line":24,"column":47}},"locations":[{"start":{"line":24,"column":42},"end":{"line":24,"column":47}}]},"4":{"type":"branch","line":24,"loc":{"start":{"line":24,"column":59},"end":{"line":24,"column":61}},"locations":[{"start":{"line":24,"column":59},"end":{"line":24,"column":61}}]}},"b":{"0":[12],"1":[0],"2":[1],"3":[11],"4":[0]},"fnMap":{"0":{"name":"Button","decl":{"start":{"line":1,"column":0},"end":{"line":20,"column":9}},"loc":{"start":{"line":1,"column":0},"end":{"line":20,"column":9}},"line":1}},"f":{"0":12}}
,"/Users/anatoliitarasov/MarusjaCakes/app-svelte/src/lib/components/ui/Field.svelte": {"path":"/Users/anatoliitarasov/MarusjaCakes/app-svelte/src/lib/components/ui/Field.svelte","all":false,"statementMap":{"0":{"start":{"line":1,"column":0},"end":{"line":1,"column":18}},"6":{"start":{"line":7,"column":0},"end":{"line":7,"column":46}},"7":{"start":{"line":8,"column":0},"end":{"line":8,"column":9}},"9":{"start":{"line":10,"column":0},"end":{"line":10,"column":21}},"10":{"start":{"line":11,"column":0},"end":{"line":11,"column":40}},"11":{"start":{"line":12,"column":0},"end":{"line":12,"column":33}}},"s":{"0":3,"6":3,"7":3,"9":1,"10":1,"11":1},"branchMap":{"0":{"type":"branch","line":1,"loc":{"start":{"line":1,"column":0},"end":{"line":8,"column":9}},"locations":[{"start":{"line":1,"column":0},"end":{"line":8,"column":9}}]}},"b":{"0":[3]},"fnMap":{"0":{"name":"Field","decl":{"start":{"line":1,"column":0},"end":{"line":8,"column":9}},"loc":{"start":{"line":1,"column":0},"end":{"line":8,"column":9}},"line":1}},"f":{"0":3}}
,"/Users/anatoliitarasov/MarusjaCakes/app-svelte/src/lib/components/ui/Spinner.svelte": {"path":"/Users/anatoliitarasov/MarusjaCakes/app-svelte/src/lib/components/ui/Spinner.svelte","all":false,"statementMap":{"0":{"start":{"line":1,"column":0},"end":{"line":1,"column":18}},"5":{"start":{"line":6,"column":0},"end":{"line":6,"column":51}},"6":{"start":{"line":7,"column":0},"end":{"line":7,"column":9}},"8":{"start":{"line":9,"column":0},"end":{"line":9,"column":5}},"10":{"start":{"line":11,"column":0},"end":{"line":11,"column":61}}},"s":{"0":9,"5":9,"6":9,"8":1,"10":9},"branchMap":{"0":{"type":"branch","line":1,"loc":{"start":{"line":1,"column":0},"end":{"line":7,"column":9}},"locations":[{"start":{"line":1,"column":0},"end":{"line":7,"column":9}}]},"1":{"type":"branch","line":9,"loc":{"start":{"line":9,"column":1},"end":{"line":11,"column":61}},"locations":[{"start":{"line":9,"column":1},"end":{"line":11,"column":61}}]},"2":{"type":"branch","line":11,"loc":{"start":{"line":11,"column":29},"end":{"line":11,"column":53}},"locations":[{"start":{"line":11,"column":29},"end":{"line":11,"column":53}}]},"3":{"type":"branch","line":11,"loc":{"start":{"line":11,"column":58},"end":{"line":11,"column":61}},"locations":[{"start":{"line":11,"column":58},"end":{"line":11,"column":61}}]}},"b":{"0":[9],"1":[9],"2":[0],"3":[0]},"fnMap":{"0":{"name":"Spinner","decl":{"start":{"line":1,"column":0},"end":{"line":7,"column":9}},"loc":{"start":{"line":1,"column":0},"end":{"line":7,"column":9}},"line":1}},"f":{"0":9}}
,"/Users/anatoliitarasov/MarusjaCakes/app-svelte/src/lib/components/ui/Stars.svelte": {"path":"/Users/anatoliitarasov/MarusjaCakes/app-svelte/src/lib/components/ui/Stars.svelte","all":false,"statementMap":{"0":{"start":{"line":1,"column":0},"end":{"line":1,"column":18}},"8":{"start":{"line":9,"column":0},"end":{"line":9,"column":45}},"9":{"start":{"line":10,"column":0},"end":{"line":10,"column":9}},"11":{"start":{"line":12,"column":0},"end":{"line":12,"column":20}},"12":{"start":{"line":13,"column":0},"end":{"line":13,"column":34}},"13":{"start":{"line":14,"column":0},"end":{"line":14,"column":9}},"14":{"start":{"line":15,"column":0},"end":{"line":15,"column":12}},"15":{"start":{"line":16,"column":0},"end":{"line":16,"column":66}},"17":{"start":{"line":18,"column":0},"end":{"line":18,"column":21}}},"s":{"0":7,"8":7,"9":7,"11":1,"12":1,"13":1,"14":1,"15":1,"17":1},"branchMap":{"0":{"type":"branch","line":1,"loc":{"start":{"line":1,"column":0},"end":{"line":10,"column":9}},"locations":[{"start":{"line":1,"column":0},"end":{"line":10,"column":9}}]},"1":{"type":"branch","line":12,"loc":{"start":{"line":12,"column":5},"end":{"line":13,"column":28}},"locations":[{"start":{"line":12,"column":5},"end":{"line":13,"column":28}}]},"2":{"type":"branch","line":13,"loc":{"start":{"line":13,"column":23},"end":{"line":13,"column":32}},"locations":[{"start":{"line":13,"column":23},"end":{"line":13,"column":32}}]},"3":{"type":"branch","line":16,"loc":{"start":{"line":16,"column":12},"end":{"line":16,"column":65}},"locations":[{"start":{"line":16,"column":12},"end":{"line":16,"column":65}}]},"4":{"type":"branch","line":16,"loc":{"start":{"line":16,"column":26},"end":{"line":16,"column":56}},"locations":[{"start":{"line":16,"column":26},"end":{"line":16,"column":56}}]},"5":{"type":"branch","line":16,"loc":{"start":{"line":16,"column":56},"end":{"line":16,"column":65}},"locations":[{"start":{"line":16,"column":56},"end":{"line":16,"column":65}}]}},"b":{"0":[7],"1":[7],"2":[70],"3":[35],"4":[25],"5":[10]},"fnMap":{"0":{"name":"Stars","decl":{"start":{"line":1,"column":0},"end":{"line":10,"column":9}},"loc":{"start":{"line":1,"column":0},"end":{"line":10,"column":9}},"line":1}},"f":{"0":7}}
,"/Users/anatoliitarasov/MarusjaCakes/app-svelte/src/lib/components/ui/Toast.svelte": {"path":"/Users/anatoliitarasov/MarusjaCakes/app-svelte/src/lib/components/ui/Toast.svelte","all":false,"statementMap":{"0":{"start":{"line":1,"column":0},"end":{"line":1,"column":18}},"3":{"start":{"line":4,"column":0},"end":{"line":4,"column":9}},"5":{"start":{"line":6,"column":0},"end":{"line":6,"column":45}},"6":{"start":{"line":7,"column":0},"end":{"line":7,"column":64}},"7":{"start":{"line":8,"column":0},"end":{"line":8,"column":10}}},"s":{"0":3,"3":3,"5":1,"6":1,"7":1},"branchMap":{"0":{"type":"branch","line":1,"loc":{"start":{"line":1,"column":0},"end":{"line":4,"column":9}},"locations":[{"start":{"line":1,"column":0},"end":{"line":4,"column":9}}]},"1":{"type":"branch","line":7,"loc":{"start":{"line":7,"column":3},"end":{"line":7,"column":64}},"locations":[{"start":{"line":7,"column":3},"end":{"line":7,"column":64}}]},"2":{"type":"branch","line":6,"loc":{"start":{"line":6,"column":25},"end":{"line":6,"column":37}},"locations":[{"start":{"line":6,"column":25},"end":{"line":6,"column":37}}]},"3":{"type":"branch","line":6,"loc":{"start":{"line":6,"column":37},"end":{"line":6,"column":42}},"locations":[{"start":{"line":6,"column":37},"end":{"line":6,"column":42}}]},"4":{"type":"branch","line":8,"loc":{"start":{"line":8,"column":9},"end":{"line":8,"column":10}},"locations":[{"start":{"line":8,"column":9},"end":{"line":8,"column":10}}]}},"b":{"0":[3],"1":[3],"2":[2],"3":[5],"4":[5]},"fnMap":{"0":{"name":"Toast","decl":{"start":{"line":1,"column":0},"end":{"line":4,"column":9}},"loc":{"start":{"line":1,"column":0},"end":{"line":4,"column":9}},"line":1},"1":{"name":"Toast.__vite_ssr_import_2__.add_svelte_meta.componentTag","decl":{"start":{"line":7,"column":3},"end":{"line":7,"column":64}},"loc":{"start":{"line":7,"column":3},"end":{"line":7,"column":64}},"line":7}},"f":{"0":3,"1":3}}
,"/Users/anatoliitarasov/MarusjaCakes/app-svelte/src/lib/components/ui/Toggle.svelte": {"path":"/Users/anatoliitarasov/MarusjaCakes/app-svelte/src/lib/components/ui/Toggle.svelte","all":false,"statementMap":{"0":{"start":{"line":1,"column":0},"end":{"line":1,"column":18}},"7":{"start":{"line":8,"column":0},"end":{"line":8,"column":61}},"10":{"start":{"line":11,"column":0},"end":{"line":11,"column":27}},"12":{"start":{"line":13,"column":0},"end":{"line":13,"column":21}},"13":{"start":{"line":14,"column":0},"end":{"line":14,"column":13}},"15":{"start":{"line":16,"column":0},"end":{"line":16,"column":3}},"16":{"start":{"line":17,"column":0},"end":{"line":17,"column":9}},"18":{"start":{"line":19,"column":0},"end":{"line":19,"column":17}},"19":{"start":{"line":20,"column":0},"end":{"line":20,"column":36}},"20":{"start":{"line":21,"column":0},"end":{"line":21,"column":9}},"22":{"start":{"line":23,"column":0},"end":{"line":23,"column":47}},"23":{"start":{"line":24,"column":0},"end":{"line":24,"column":20}},"24":{"start":{"line":25,"column":0},"end":{"line":25,"column":21}},"27":{"start":{"line":28,"column":0},"end":{"line":28,"column":61}}},"s":{"0":5,"7":5,"10":5,"12":5,"13":5,"15":5,"16":5,"18":1,"19":1,"20":1,"22":1,"23":1,"24":1,"27":1},"branchMap":{"0":{"type":"branch","line":1,"loc":{"start":{"line":1,"column":0},"end":{"line":17,"column":9}},"locations":[{"start":{"line":1,"column":0},"end":{"line":17,"column":9}}]},"1":{"type":"branch","line":13,"loc":{"start":{"line":13,"column":2},"end":{"line":16,"column":3}},"locations":[{"start":{"line":13,"column":2},"end":{"line":16,"column":3}}]},"2":{"type":"branch","line":23,"loc":{"start":{"line":23,"column":20},"end":{"line":23,"column":32}},"locations":[{"start":{"line":23,"column":20},"end":{"line":23,"column":32}}]},"3":{"type":"branch","line":23,"loc":{"start":{"line":23,"column":32},"end":{"line":23,"column":45}},"locations":[{"start":{"line":23,"column":32},"end":{"line":23,"column":45}}]},"4":{"type":"branch","line":28,"loc":{"start":{"line":28,"column":26},"end":{"line":28,"column":38}},"locations":[{"start":{"line":28,"column":26},"end":{"line":28,"column":38}}]},"5":{"type":"branch","line":28,"loc":{"start":{"line":28,"column":38},"end":{"line":28,"column":51}},"locations":[{"start":{"line":28,"column":38},"end":{"line":28,"column":51}}]}},"b":{"0":[5],"1":[5],"2":[4],"3":[6],"4":[4],"5":[6]},"fnMap":{"0":{"name":"Toggle","decl":{"start":{"line":1,"column":0},"end":{"line":17,"column":9}},"loc":{"start":{"line":1,"column":0},"end":{"line":17,"column":9}},"line":1},"1":{"name":"toggle","decl":{"start":{"line":13,"column":2},"end":{"line":16,"column":3}},"loc":{"start":{"line":13,"column":2},"end":{"line":16,"column":3}},"line":13}},"f":{"0":5,"1":5}}
,"/Users/anatoliitarasov/MarusjaCakes/app-svelte/src/lib/constants/categories.ts": {"path":"/Users/anatoliitarasov/MarusjaCakes/app-svelte/src/lib/constants/categories.ts","all":false,"statementMap":{"2":{"start":{"line":3,"column":0},"end":{"line":3,"column":45}},"3":{"start":{"line":4,"column":0},"end":{"line":4,"column":14}},"4":{"start":{"line":5,"column":0},"end":{"line":5,"column":14}},"5":{"start":{"line":6,"column":0},"end":{"line":6,"column":12}},"6":{"start":{"line":7,"column":0},"end":{"line":7,"column":10}},"7":{"start":{"line":8,"column":0},"end":{"line":8,"column":13}},"8":{"start":{"line":9,"column":0},"end":{"line":9,"column":2}},"10":{"start":{"line":11,"column":0},"end":{"line":11,"column":43}}},"s":{"2":1,"3":1,"4":1,"5":1,"6":1,"7":1,"8":1,"10":1},"branchMap":{},"b":{},"fnMap":{},"f":{}}
,"/Users/anatoliitarasov/MarusjaCakes/app-svelte/src/lib/data/orders.ts": {"path":"/Users/anatoliitarasov/MarusjaCakes/app-svelte/src/lib/data/orders.ts","all":false,"statementMap":{"10":{"start":{"line":11,"column":0},"end":{"line":11,"column":42}},"11":{"start":{"line":12,"column":0},"end":{"line":12,"column":3}},"12":{"start":{"line":13,"column":0},"end":{"line":13,"column":27}},"13":{"start":{"line":14,"column":0},"end":{"line":14,"column":37}},"14":{"start":{"line":15,"column":0},"end":{"line":15,"column":24}},"15":{"start":{"line":16,"column":0},"end":{"line":16,"column":12}},"16":{"start":{"line":17,"column":0},"end":{"line":17,"column":78}},"17":{"start":{"line":18,"column":0},"end":{"line":18,"column":71}},"18":{"start":{"line":19,"column":0},"end":{"line":19,"column":71}},"19":{"start":{"line":20,"column":0},"end":{"line":20,"column":6}},"20":{"start":{"line":21,"column":0},"end":{"line":21,"column":16}},"21":{"start":{"line":22,"column":0},"end":{"line":22,"column":4}},"22":{"start":{"line":23,"column":0},"end":{"line":23,"column":3}},"23":{"start":{"line":24,"column":0},"end":{"line":24,"column":27}},"24":{"start":{"line":25,"column":0},"end":{"line":25,"column":37}},"25":{"start":{"line":26,"column":0},"end":{"line":26,"column":25}},"26":{"start":{"line":27,"column":0},"end":{"line":27,"column":77}},"27":{"start":{"line":28,"column":0},"end":{"line":28,"column":18}},"28":{"start":{"line":29,"column":0},"end":{"line":29,"column":4}},"29":{"start":{"line":30,"column":0},"end":{"line":30,"column":3}},"30":{"start":{"line":31,"column":0},"end":{"line":31,"column":27}},"31":{"start":{"line":32,"column":0},"end":{"line":32,"column":37}},"32":{"start":{"line":33,"column":0},"end":{"line":33,"column":24}},"33":{"start":{"line":34,"column":0},"end":{"line":34,"column":12}},"34":{"start":{"line":35,"column":0},"end":{"line":35,"column":74}},"35":{"start":{"line":36,"column":0},"end":{"line":36,"column":74}},"36":{"start":{"line":37,"column":0},"end":{"line":37,"column":6}},"37":{"start":{"line":38,"column":0},"end":{"line":38,"column":18}},"38":{"start":{"line":39,"column":0},"end":{"line":39,"column":4}},"39":{"start":{"line":40,"column":0},"end":{"line":40,"column":2}},"41":{"start":{"line":42,"column":0},"end":{"line":42,"column":48}},"43":{"start":{"line":44,"column":0},"end":{"line":44,"column":59}},"44":{"start":{"line":45,"column":0},"end":{"line":45,"column":45}},"45":{"start":{"line":46,"column":0},"end":{"line":46,"column":29}},"46":{"start":{"line":47,"column":0},"end":{"line":47,"column":11}},"47":{"start":{"line":48,"column":0},"end":{"line":48,"column":24}},"48":{"start":{"line":49,"column":0},"end":{"line":49,"column":28}},"49":{"start":{"line":50,"column":0},"end":{"line":50,"column":55}},"50":{"start":{"line":51,"column":0},"end":{"line":51,"column":32}},"51":{"start":{"line":52,"column":0},"end":{"line":52,"column":6}},"52":{"start":{"line":53,"column":0},"end":{"line":53,"column":1}},"54":{"start":{"line":55,"column":0},"end":{"line":55,"column":59}},"55":{"start":{"line":56,"column":0},"end":{"line":56,"column":34}},"56":{"start":{"line":57,"column":0},"end":{"line":57,"column":62}},"57":{"start":{"line":58,"column":0},"end":{"line":58,"column":3}},"58":{"start":{"line":59,"column":0},"end":{"line":59,"column":88}},"59":{"start":{"line":60,"column":0},"end":{"line":60,"column":1}},"61":{"start":{"line":62,"column":0},"end":{"line":62,"column":55}},"62":{"start":{"line":63,"column":0},"end":{"line":63,"column":68}}},"s":{"10":1,"11":1,"12":1,"13":1,"14":1,"15":1,"16":1,"17":1,"18":1,"19":1,"20":1,"21":1,"22":1,"23":1,"24":1,"25":1,"26":1,"27":1,"28":1,"29":1,"30":1,"31":1,"32":1,"33":1,"34":1,"35":1,"36":1,"37":1,"38":1,"39":1,"41":1,"43":4,"44":4,"45":12,"46":12,"47":12,"48":12,"49":12,"50":12,"51":4,"52":4,"54":1,"55":7,"56":4,"57":4,"58":7,"59":7,"61":1,"62":3},"branchMap":{"0":{"type":"branch","line":44,"loc":{"start":{"line":44,"column":0},"end":{"line":53,"column":1}},"locations":[{"start":{"line":44,"column":0},"end":{"line":53,"column":1}}]},"1":{"type":"branch","line":45,"loc":{"start":{"line":45,"column":29},"end":{"line":52,"column":4}},"locations":[{"start":{"line":45,"column":29},"end":{"line":52,"column":4}}]},"2":{"type":"branch","line":50,"loc":{"start":{"line":50,"column":30},"end":{"line":50,"column":53}},"locations":[{"start":{"line":50,"column":30},"end":{"line":50,"column":53}}]},"3":{"type":"branch","line":55,"loc":{"start":{"line":55,"column":7},"end":{"line":60,"column":1}},"locations":[{"start":{"line":55,"column":7},"end":{"line":60,"column":1}}]},"4":{"type":"branch","line":56,"loc":{"start":{"line":56,"column":33},"end":{"line":58,"column":3}},"locations":[{"start":{"line":56,"column":33},"end":{"line":58,"column":3}}]},"5":{"type":"branch","line":59,"loc":{"start":{"line":59,"column":48},"end":{"line":59,"column":86}},"locations":[{"start":{"line":59,"column":48},"end":{"line":59,"column":86}}]},"6":{"type":"branch","line":62,"loc":{"start":{"line":62,"column":26},"end":{"line":63,"column":68}},"locations":[{"start":{"line":62,"column":26},"end":{"line":63,"column":68}}]},"7":{"type":"branch","line":63,"loc":{"start":{"line":63,"column":23},"end":{"line":63,"column":66}},"locations":[{"start":{"line":63,"column":23},"end":{"line":63,"column":66}}]},"8":{"type":"branch","line":63,"loc":{"start":{"line":63,"column":44},"end":{"line":63,"column":64}},"locations":[{"start":{"line":63,"column":44},"end":{"line":63,"column":64}}]},"9":{"type":"branch","line":63,"loc":{"start":{"line":63,"column":59},"end":{"line":63,"column":66}},"locations":[{"start":{"line":63,"column":59},"end":{"line":63,"column":66}}]}},"b":{"0":[4],"1":[12],"2":[24],"3":[7],"4":[4],"5":[14],"6":[3],"7":[4],"8":[2],"9":[2]},"fnMap":{"0":{"name":"createMockOrdersForUser","decl":{"start":{"line":44,"column":0},"end":{"line":53,"column":1}},"loc":{"start":{"line":44,"column":0},"end":{"line":53,"column":1}},"line":44},"1":{"name":"getOrdersForUser","decl":{"start":{"line":55,"column":7},"end":{"line":60,"column":1}},"loc":{"start":{"line":55,"column":7},"end":{"line":60,"column":1}},"line":55},"2":{"name":"sortOrders","decl":{"start":{"line":62,"column":26},"end":{"line":63,"column":68}},"loc":{"start":{"line":62,"column":26},"end":{"line":63,"column":68}},"line":62}},"f":{"0":4,"1":7,"2":3}}
,"/Users/anatoliitarasov/MarusjaCakes/app-svelte/src/lib/data/products.ts": {"path":"/Users/anatoliitarasov/MarusjaCakes/app-svelte/src/lib/data/products.ts","all":false,"statementMap":{"2":{"start":{"line":3,"column":0},"end":{"line":3,"column":36}},"3":{"start":{"line":4,"column":0},"end":{"line":4,"column":3}},"4":{"start":{"line":5,"column":0},"end":{"line":5,"column":27}},"5":{"start":{"line":6,"column":0},"end":{"line":6,"column":15}},"6":{"start":{"line":7,"column":0},"end":{"line":7,"column":16}},"7":{"start":{"line":8,"column":0},"end":{"line":8,"column":17}},"8":{"start":{"line":9,"column":0},"end":{"line":9,"column":37}},"9":{"start":{"line":10,"column":0},"end":{"line":10,"column":33}},"10":{"start":{"line":11,"column":0},"end":{"line":11,"column":37}},"11":{"start":{"line":12,"column":0},"end":{"line":12,"column":35}},"12":{"start":{"line":13,"column":0},"end":{"line":13,"column":23}},"13":{"start":{"line":14,"column":0},"end":{"line":14,"column":4}},"14":{"start":{"line":15,"column":0},"end":{"line":15,"column":3}},"15":{"start":{"line":16,"column":0},"end":{"line":16,"column":22}},"16":{"start":{"line":17,"column":0},"end":{"line":17,"column":15}},"17":{"start":{"line":18,"column":0},"end":{"line":18,"column":16}},"18":{"start":{"line":19,"column":0},"end":{"line":19,"column":17}},"19":{"start":{"line":20,"column":0},"end":{"line":20,"column":28}},"20":{"start":{"line":21,"column":0},"end":{"line":21,"column":33}},"21":{"start":{"line":22,"column":0},"end":{"line":22,"column":28}},"22":{"start":{"line":23,"column":0},"end":{"line":23,"column":35}},"23":{"start":{"line":24,"column":0},"end":{"line":24,"column":19}},"24":{"start":{"line":25,"column":0},"end":{"line":25,"column":4}},"25":{"start":{"line":26,"column":0},"end":{"line":26,"column":3}},"26":{"start":{"line":27,"column":0},"end":{"line":27,"column":22}},"27":{"start":{"line":28,"column":0},"end":{"line":28,"column":15}},"28":{"start":{"line":29,"column":0},"end":{"line":29,"column":16}},"29":{"start":{"line":30,"column":0},"end":{"line":30,"column":17}},"30":{"start":{"line":31,"column":0},"end":{"line":31,"column":28}},"31":{"start":{"line":32,"column":0},"end":{"line":32,"column":33}},"32":{"start":{"line":33,"column":0},"end":{"line":33,"column":19}},"33":{"start":{"line":34,"column":0},"end":{"line":34,"column":38}},"34":{"start":{"line":35,"column":0},"end":{"line":35,"column":24}},"35":{"start":{"line":36,"column":0},"end":{"line":36,"column":4}},"36":{"start":{"line":37,"column":0},"end":{"line":37,"column":3}},"37":{"start":{"line":38,"column":0},"end":{"line":38,"column":23}},"38":{"start":{"line":39,"column":0},"end":{"line":39,"column":15}},"39":{"start":{"line":40,"column":0},"end":{"line":40,"column":16}},"40":{"start":{"line":41,"column":0},"end":{"line":41,"column":17}},"41":{"start":{"line":42,"column":0},"end":{"line":42,"column":26}},"42":{"start":{"line":43,"column":0},"end":{"line":43,"column":33}},"43":{"start":{"line":44,"column":0},"end":{"line":44,"column":22}},"44":{"start":{"line":45,"column":0},"end":{"line":45,"column":35}},"45":{"start":{"line":46,"column":0},"end":{"line":46,"column":19}},"46":{"start":{"line":47,"column":0},"end":{"line":47,"column":4}},"47":{"start":{"line":48,"column":0},"end":{"line":48,"column":3}},"48":{"start":{"line":49,"column":0},"end":{"line":49,"column":23}},"49":{"start":{"line":50,"column":0},"end":{"line":50,"column":15}},"50":{"start":{"line":51,"column":0},"end":{"line":51,"column":16}},"51":{"start":{"line":52,"column":0},"end":{"line":52,"column":16}},"52":{"start":{"line":53,"column":0},"end":{"line":53,"column":24}},"53":{"start":{"line":54,"column":0},"end":{"line":54,"column":33}},"54":{"start":{"line":55,"column":0},"end":{"line":55,"column":20}},"55":{"start":{"line":56,"column":0},"end":{"line":56,"column":35}},"56":{"start":{"line":57,"column":0},"end":{"line":57,"column":19}},"57":{"start":{"line":58,"column":0},"end":{"line":58,"column":4}},"58":{"start":{"line":59,"column":0},"end":{"line":59,"column":3}},"59":{"start":{"line":60,"column":0},"end":{"line":60,"column":24}},"60":{"start":{"line":61,"column":0},"end":{"line":61,"column":15}},"61":{"start":{"line":62,"column":0},"end":{"line":62,"column":16}},"62":{"start":{"line":63,"column":0},"end":{"line":63,"column":17}},"63":{"start":{"line":64,"column":0},"end":{"line":64,"column":27}},"64":{"start":{"line":65,"column":0},"end":{"line":65,"column":33}},"65":{"start":{"line":66,"column":0},"end":{"line":66,"column":32}},"66":{"start":{"line":67,"column":0},"end":{"line":67,"column":39}},"67":{"start":{"line":68,"column":0},"end":{"line":68,"column":20}},"68":{"start":{"line":69,"column":0},"end":{"line":69,"column":4}},"69":{"start":{"line":70,"column":0},"end":{"line":70,"column":2}},"71":{"start":{"line":72,"column":0},"end":{"line":72,"column":65}},"72":{"start":{"line":73,"column":0},"end":{"line":73,"column":43}},"73":{"start":{"line":74,"column":0},"end":{"line":74,"column":1}}},"s":{"2":1,"3":1,"4":1,"5":1,"6":1,"7":1,"8":1,"9":1,"10":1,"11":1,"12":1,"13":1,"14":1,"15":1,"16":1,"17":1,"18":1,"19":1,"20":1,"21":1,"22":1,"23":1,"24":1,"25":1,"26":1,"27":1,"28":1,"29":1,"30":1,"31":1,"32":1,"33":1,"34":1,"35":1,"36":1,"37":1,"38":1,"39":1,"40":1,"41":1,"42":1,"43":1,"44":1,"45":1,"46":1,"47":1,"48":1,"49":1,"50":1,"51":1,"52":1,"53":1,"54":1,"55":1,"56":1,"57":1,"58":1,"59":1,"60":1,"61":1,"62":1,"63":1,"64":1,"65":1,"66":1,"67":1,"68":1,"69":1,"71":1,"72":6,"73":6},"branchMap":{"0":{"type":"branch","line":72,"loc":{"start":{"line":72,"column":7},"end":{"line":74,"column":1}},"locations":[{"start":{"line":72,"column":7},"end":{"line":74,"column":1}}]},"1":{"type":"branch","line":73,"loc":{"start":{"line":73,"column":23},"end":{"line":73,"column":41}},"locations":[{"start":{"line":73,"column":23},"end":{"line":73,"column":41}}]}},"b":{"0":[6],"1":[23]},"fnMap":{"0":{"name":"getProductById","decl":{"start":{"line":72,"column":7},"end":{"line":74,"column":1}},"loc":{"start":{"line":72,"column":7},"end":{"line":74,"column":1}},"line":72}},"f":{"0":6}}
,"/Users/anatoliitarasov/MarusjaCakes/app-svelte/src/lib/i18n/index.ts": {"path":"/Users/anatoliitarasov/MarusjaCakes/app-svelte/src/lib/i18n/index.ts","all":false,"statementMap":{"0":{"start":{"line":1,"column":0},"end":{"line":1,"column":43}},"3":{"start":{"line":4,"column":0},"end":{"line":4,"column":63}},"6":{"start":{"line":7,"column":0},"end":{"line":7,"column":50}},"9":{"start":{"line":10,"column":0},"end":{"line":10,"column":71}},"12":{"start":{"line":13,"column":0},"end":{"line":13,"column":2}},"17":{"start":{"line":18,"column":0},"end":{"line":18,"column":32}},"18":{"start":{"line":19,"column":0},"end":{"line":19,"column":52}},"19":{"start":{"line":20,"column":0},"end":{"line":20,"column":64}},"20":{"start":{"line":21,"column":0},"end":{"line":21,"column":23}},"21":{"start":{"line":22,"column":0},"end":{"line":22,"column":36}},"22":{"start":{"line":23,"column":0},"end":{"line":23,"column":52}},"23":{"start":{"line":24,"column":0},"end":{"line":24,"column":1}},"27":{"start":{"line":28,"column":0},"end":{"line":28,"column":50}},"28":{"start":{"line":29,"column":0},"end":{"line":29,"column":28}},"29":{"start":{"line":30,"column":0},"end":{"line":30,"column":51}},"30":{"start":{"line":31,"column":0},"end":{"line":31,"column":78}},"31":{"start":{"line":32,"column":0},"end":{"line":32,"column":39}},"32":{"start":{"line":33,"column":0},"end":{"line":33,"column":3}},"33":{"start":{"line":34,"column":0},"end":{"line":34,"column":47}},"34":{"start":{"line":35,"column":0},"end":{"line":35,"column":65}},"35":{"start":{"line":36,"column":0},"end":{"line":36,"column":36}},"36":{"start":{"line":37,"column":0},"end":{"line":37,"column":3}},"37":{"start":{"line":38,"column":0},"end":{"line":38,"column":14}},"38":{"start":{"line":39,"column":0},"end":{"line":39,"column":1}},"40":{"start":{"line":41,"column":0},"end":{"line":41,"column":72}},"42":{"start":{"line":43,"column":0},"end":{"line":43,"column":58}},"43":{"start":{"line":44,"column":0},"end":{"line":44,"column":19}},"44":{"start":{"line":45,"column":0},"end":{"line":45,"column":1}},"46":{"start":{"line":47,"column":0},"end":{"line":47,"column":62}},"47":{"start":{"line":48,"column":0},"end":{"line":48,"column":35}},"48":{"start":{"line":49,"column":0},"end":{"line":49,"column":2}},"50":{"start":{"line":51,"column":0},"end":{"line":51,"column":61}},"51":{"start":{"line":52,"column":0},"end":{"line":52,"column":75}},"52":{"start":{"line":53,"column":0},"end":{"line":53,"column":41}},"53":{"start":{"line":54,"column":0},"end":{"line":54,"column":15}},"54":{"start":{"line":55,"column":0},"end":{"line":55,"column":39}},"55":{"start":{"line":56,"column":0},"end":{"line":56,"column":38}},"56":{"start":{"line":57,"column":0},"end":{"line":57,"column":3}},"57":{"start":{"line":58,"column":0},"end":{"line":58,"column":29}},"58":{"start":{"line":59,"column":0},"end":{"line":59,"column":1}},"60":{"start":{"line":61,"column":0},"end":{"line":61,"column":71}},"61":{"start":{"line":62,"column":0},"end":{"line":62,"column":31}},"62":{"start":{"line":63,"column":0},"end":{"line":63,"column":28}},"63":{"start":{"line":64,"column":0},"end":{"line":64,"column":42}},"64":{"start":{"line":65,"column":0},"end":{"line":65,"column":67}},"65":{"start":{"line":66,"column":0},"end":{"line":66,"column":54}},"66":{"start":{"line":67,"column":0},"end":{"line":67,"column":3}},"67":{"start":{"line":68,"column":0},"end":{"line":68,"column":14}},"68":{"start":{"line":69,"column":0},"end":{"line":69,"column":1}},"70":{"start":{"line":71,"column":0},"end":{"line":71,"column":16}},"71":{"start":{"line":72,"column":0},"end":{"line":72,"column":15}},"72":{"start":{"line":73,"column":0},"end":{"line":73,"column":20}},"73":{"start":{"line":74,"column":0},"end":{"line":74,"column":15}},"74":{"start":{"line":75,"column":0},"end":{"line":75,"column":27}},"75":{"start":{"line":76,"column":0},"end":{"line":76,"column":12}},"76":{"start":{"line":77,"column":0},"end":{"line":77,"column":45}},"78":{"start":{"line":79,"column":0},"end":{"line":79,"column":51}},"79":{"start":{"line":80,"column":0},"end":{"line":80,"column":51}},"80":{"start":{"line":81,"column":0},"end":{"line":81,"column":12}},"81":{"start":{"line":82,"column":0},"end":{"line":82,"column":45}},"82":{"start":{"line":83,"column":0},"end":{"line":83,"column":44}},"83":{"start":{"line":84,"column":0},"end":{"line":84,"column":30}},"85":{"start":{"line":86,"column":0},"end":{"line":86,"column":3}},"86":{"start":{"line":87,"column":0},"end":{"line":87,"column":34}},"87":{"start":{"line":88,"column":0},"end":{"line":88,"column":1}},"89":{"start":{"line":90,"column":0},"end":{"line":90,"column":74}},"90":{"start":{"line":91,"column":0},"end":{"line":91,"column":31}},"91":{"start":{"line":92,"column":0},"end":{"line":92,"column":70}},"92":{"start":{"line":93,"column":0},"end":{"line":93,"column":58}},"93":{"start":{"line":94,"column":0},"end":{"line":94,"column":4}},"94":{"start":{"line":95,"column":0},"end":{"line":95,"column":1}},"98":{"start":{"line":99,"column":0},"end":{"line":99,"column":81}},"99":{"start":{"line":100,"column":0},"end":{"line":100,"column":33}},"100":{"start":{"line":101,"column":0},"end":{"line":101,"column":66}},"101":{"start":{"line":102,"column":0},"end":{"line":102,"column":57}},"103":{"start":{"line":104,"column":0},"end":{"line":104,"column":52}},"104":{"start":{"line":105,"column":0},"end":{"line":105,"column":45}},"105":{"start":{"line":106,"column":0},"end":{"line":106,"column":50}},"106":{"start":{"line":107,"column":0},"end":{"line":107,"column":3}},"107":{"start":{"line":108,"column":0},"end":{"line":108,"column":44}},"109":{"start":{"line":110,"column":0},"end":{"line":110,"column":36}},"110":{"start":{"line":111,"column":0},"end":{"line":111,"column":1}},"113":{"start":{"line":114,"column":0},"end":{"line":114,"column":25}},"114":{"start":{"line":115,"column":0},"end":{"line":115,"column":9}},"115":{"start":{"line":116,"column":0},"end":{"line":116,"column":27}},"116":{"start":{"line":117,"column":0},"end":{"line":117,"column":20}},"117":{"start":{"line":118,"column":0},"end":{"line":118,"column":38}},"118":{"start":{"line":119,"column":0},"end":{"line":119,"column":2}}},"s":{"0":1,"3":1,"6":1,"9":1,"12":1,"17":1,"18":1,"19":117,"20":117,"21":117,"22":117,"23":117,"27":3,"28":3,"29":3,"30":3,"31":0,"32":0,"33":3,"34":3,"35":3,"36":3,"37":0,"38":0,"40":1,"42":1,"43":40,"44":40,"46":1,"47":3,"48":1,"50":1,"51":5,"52":5,"53":5,"54":2,"55":2,"56":2,"57":5,"58":5,"60":156,"61":156,"62":156,"63":156,"64":181,"65":178,"66":178,"67":153,"68":153,"70":153,"71":153,"72":153,"73":153,"74":153,"75":153,"76":153,"78":153,"79":5,"80":5,"81":5,"82":2,"83":1,"85":5,"86":148,"87":148,"89":149,"90":149,"91":48,"92":56,"93":48,"94":48,"98":152,"99":152,"100":152,"101":152,"103":152,"104":152,"105":1,"106":1,"107":152,"109":149,"110":149,"113":1,"114":1,"115":1,"116":28,"117":152,"118":1},"branchMap":{"0":{"type":"branch","line":19,"loc":{"start":{"line":19,"column":51},"end":{"line":24,"column":1}},"locations":[{"start":{"line":19,"column":51},"end":{"line":24,"column":1}}]},"1":{"type":"branch","line":21,"loc":{"start":{"line":21,"column":14},"end":{"line":21,"column":23}},"locations":[{"start":{"line":21,"column":14},"end":{"line":21,"column":23}}]},"2":{"type":"branch","line":28,"loc":{"start":{"line":28,"column":0},"end":{"line":39,"column":1}},"locations":[{"start":{"line":28,"column":0},"end":{"line":39,"column":1}}]},"3":{"type":"branch","line":29,"loc":{"start":{"line":29,"column":16},"end":{"line":29,"column":28}},"locations":[{"start":{"line":29,"column":16},"end":{"line":29,"column":28}}]},"4":{"type":"branch","line":31,"loc":{"start":{"line":31,"column":6},"end":{"line":31,"column":77}},"locations":[{"start":{"line":31,"column":6},"end":{"line":31,"column":77}}]},"5":{"type":"branch","line":31,"loc":{"start":{"line":31,"column":77},"end":{"line":33,"column":3}},"locations":[{"start":{"line":31,"column":77},"end":{"line":33,"column":3}}]},"6":{"type":"branch","line":37,"loc":{"start":{"line":37,"column":2},"end":{"line":39,"column":1}},"locations":[{"start":{"line":37,"column":2},"end":{"line":39,"column":1}}]},"7":{"type":"branch","line":43,"loc":{"start":{"line":43,"column":7},"end":{"line":45,"column":1}},"locations":[{"start":{"line":43,"column":7},"end":{"line":45,"column":1}}]},"8":{"type":"branch","line":47,"loc":{"start":{"line":47,"column":35},"end":{"line":48,"column":35}},"locations":[{"start":{"line":47,"column":35},"end":{"line":48,"column":35}}]},"9":{"type":"branch","line":48,"loc":{"start":{"line":48,"column":14},"end":{"line":48,"column":29}},"locations":[{"start":{"line":48,"column":14},"end":{"line":48,"column":29}}]},"10":{"type":"branch","line":48,"loc":{"start":{"line":48,"column":21},"end":{"line":48,"column":35}},"locations":[{"start":{"line":48,"column":21},"end":{"line":48,"column":35}}]},"11":{"type":"branch","line":52,"loc":{"start":{"line":52,"column":0},"end":{"line":59,"column":1}},"locations":[{"start":{"line":52,"column":0},"end":{"line":59,"column":1}}]},"12":{"type":"branch","line":54,"loc":{"start":{"line":54,"column":14},"end":{"line":57,"column":3}},"locations":[{"start":{"line":54,"column":14},"end":{"line":57,"column":3}}]},"13":{"type":"branch","line":61,"loc":{"start":{"line":61,"column":0},"end":{"line":69,"column":1}},"locations":[{"start":{"line":61,"column":0},"end":{"line":69,"column":1}}]},"14":{"type":"branch","line":62,"loc":{"start":{"line":62,"column":14},"end":{"line":62,"column":31}},"locations":[{"start":{"line":62,"column":14},"end":{"line":62,"column":31}}]},"15":{"type":"branch","line":64,"loc":{"start":{"line":64,"column":41},"end":{"line":67,"column":3}},"locations":[{"start":{"line":64,"column":41},"end":{"line":67,"column":3}}]},"16":{"type":"branch","line":65,"loc":{"start":{"line":65,"column":16},"end":{"line":65,"column":50}},"locations":[{"start":{"line":65,"column":16},"end":{"line":65,"column":50}}]},"17":{"type":"branch","line":65,"loc":{"start":{"line":65,"column":50},"end":{"line":65,"column":67}},"locations":[{"start":{"line":65,"column":50},"end":{"line":65,"column":67}}]},"18":{"type":"branch","line":65,"loc":{"start":{"line":65,"column":57},"end":{"line":67,"column":3}},"locations":[{"start":{"line":65,"column":57},"end":{"line":67,"column":3}}]},"19":{"type":"branch","line":67,"loc":{"start":{"line":67,"column":2},"end":{"line":69,"column":1}},"locations":[{"start":{"line":67,"column":2},"end":{"line":69,"column":1}}]},"20":{"type":"branch","line":71,"loc":{"start":{"line":71,"column":0},"end":{"line":88,"column":1}},"locations":[{"start":{"line":71,"column":0},"end":{"line":88,"column":1}}]},"21":{"type":"branch","line":79,"loc":{"start":{"line":79,"column":6},"end":{"line":79,"column":50}},"locations":[{"start":{"line":79,"column":6},"end":{"line":79,"column":50}}]},"22":{"type":"branch","line":79,"loc":{"start":{"line":79,"column":50},"end":{"line":86,"column":3}},"locations":[{"start":{"line":79,"column":50},"end":{"line":86,"column":3}}]},"23":{"type":"branch","line":82,"loc":{"start":{"line":82,"column":41},"end":{"line":83,"column":44}},"locations":[{"start":{"line":82,"column":41},"end":{"line":83,"column":44}}]},"24":{"type":"branch","line":83,"loc":{"start":{"line":83,"column":40},"end":{"line":84,"column":30}},"locations":[{"start":{"line":83,"column":40},"end":{"line":84,"column":30}}]},"25":{"type":"branch","line":86,"loc":{"start":{"line":86,"column":2},"end":{"line":88,"column":1}},"locations":[{"start":{"line":86,"column":2},"end":{"line":88,"column":1}}]},"26":{"type":"branch","line":90,"loc":{"start":{"line":90,"column":0},"end":{"line":95,"column":1}},"locations":[{"start":{"line":90,"column":0},"end":{"line":95,"column":1}}]},"27":{"type":"branch","line":91,"loc":{"start":{"line":91,"column":15},"end":{"line":91,"column":31}},"locations":[{"start":{"line":91,"column":15},"end":{"line":91,"column":31}}]},"28":{"type":"branch","line":91,"loc":{"start":{"line":91,"column":22},"end":{"line":95,"column":1}},"locations":[{"start":{"line":91,"column":22},"end":{"line":95,"column":1}}]},"29":{"type":"branch","line":92,"loc":{"start":{"line":92,"column":50},"end":{"line":93,"column":58}},"locations":[{"start":{"line":92,"column":50},"end":{"line":93,"column":58}}]},"30":{"type":"branch","line":93,"loc":{"start":{"line":93,"column":12},"end":{"line":93,"column":44}},"locations":[{"start":{"line":93,"column":12},"end":{"line":93,"column":44}}]},"31":{"type":"branch","line":93,"loc":{"start":{"line":93,"column":40},"end":{"line":93,"column":58}},"locations":[{"start":{"line":93,"column":40},"end":{"line":93,"column":58}}]},"32":{"type":"branch","line":99,"loc":{"start":{"line":99,"column":0},"end":{"line":111,"column":1}},"locations":[{"start":{"line":99,"column":0},"end":{"line":111,"column":1}}]},"33":{"type":"branch","line":101,"loc":{"start":{"line":101,"column":30},"end":{"line":101,"column":46}},"locations":[{"start":{"line":101,"column":30},"end":{"line":101,"column":46}}]},"34":{"type":"branch","line":101,"loc":{"start":{"line":101,"column":35},"end":{"line":101,"column":66}},"locations":[{"start":{"line":101,"column":35},"end":{"line":101,"column":66}}]},"35":{"type":"branch","line":102,"loc":{"start":{"line":102,"column":25},"end":{"line":102,"column":36}},"locations":[{"start":{"line":102,"column":25},"end":{"line":102,"column":36}}]},"36":{"type":"branch","line":102,"loc":{"start":{"line":102,"column":30},"end":{"line":102,"column":57}},"locations":[{"start":{"line":102,"column":30},"end":{"line":102,"column":57}}]},"37":{"type":"branch","line":105,"loc":{"start":{"line":105,"column":16},"end":{"line":105,"column":44}},"locations":[{"start":{"line":105,"column":16},"end":{"line":105,"column":44}}]},"38":{"type":"branch","line":105,"loc":{"start":{"line":105,"column":44},"end":{"line":107,"column":3}},"locations":[{"start":{"line":105,"column":44},"end":{"line":107,"column":3}}]},"39":{"type":"branch","line":108,"loc":{"start":{"line":108,"column":33},"end":{"line":108,"column":44}},"locations":[{"start":{"line":108,"column":33},"end":{"line":108,"column":44}}]},"40":{"type":"branch","line":108,"loc":{"start":{"line":108,"column":40},"end":{"line":111,"column":1}},"locations":[{"start":{"line":108,"column":40},"end":{"line":111,"column":1}}]},"41":{"type":"branch","line":116,"loc":{"start":{"line":116,"column":2},"end":{"line":118,"column":38}},"locations":[{"start":{"line":116,"column":2},"end":{"line":118,"column":38}}]},"42":{"type":"branch","line":117,"loc":{"start":{"line":117,"column":4},"end":{"line":118,"column":38}},"locations":[{"start":{"line":117,"column":4},"end":{"line":118,"column":38}}]}},"b":{"0":[117],"1":[0],"2":[3],"3":[0],"4":[0],"5":[0],"6":[0],"7":[40],"8":[3],"9":[1],"10":[2],"11":[5],"12":[2],"13":[156],"14":[0],"15":[181],"16":[178],"17":[3],"18":[178],"19":[153],"20":[153],"21":[48],"22":[5],"23":[2],"24":[1],"25":[148],"26":[149],"27":[101],"28":[48],"29":[56],"30":[55],"31":[1],"32":[152],"33":[1],"34":[151],"35":[1],"36":[151],"37":[2],"38":[1],"39":[3],"40":[149],"41":[28],"42":[152]},"fnMap":{"0":{"name":"getInitialLanguage","decl":{"start":{"line":28,"column":0},"end":{"line":39,"column":1}},"loc":{"start":{"line":28,"column":0},"end":{"line":39,"column":1}},"line":28},"1":{"name":"setLocale","decl":{"start":{"line":43,"column":7},"end":{"line":45,"column":1}},"loc":{"start":{"line":43,"column":7},"end":{"line":45,"column":1}},"line":43},"2":{"name":"pluralCategory","decl":{"start":{"line":52,"column":0},"end":{"line":59,"column":1}},"loc":{"start":{"line":52,"column":0},"end":{"line":59,"column":1}},"line":52},"3":{"name":"resolvePath","decl":{"start":{"line":61,"column":0},"end":{"line":69,"column":1}},"loc":{"start":{"line":61,"column":0},"end":{"line":69,"column":1}},"line":61},"4":{"name":"lookup","decl":{"start":{"line":71,"column":0},"end":{"line":88,"column":1}},"loc":{"start":{"line":71,"column":0},"end":{"line":88,"column":1}},"line":71},"5":{"name":"interpolate","decl":{"start":{"line":90,"column":0},"end":{"line":95,"column":1}},"loc":{"start":{"line":90,"column":0},"end":{"line":95,"column":1}},"line":90},"6":{"name":"translate","decl":{"start":{"line":99,"column":0},"end":{"line":111,"column":1}},"loc":{"start":{"line":99,"column":0},"end":{"line":111,"column":1}},"line":99}},"f":{"0":3,"1":40,"2":5,"3":156,"4":153,"5":149,"6":152}}
,"/Users/anatoliitarasov/MarusjaCakes/app-svelte/src/lib/stores/shop.ts": {"path":"/Users/anatoliitarasov/MarusjaCakes/app-svelte/src/lib/stores/shop.ts","all":false,"statementMap":{"0":{"start":{"line":1,"column":0},"end":{"line":1,"column":43}},"5":{"start":{"line":6,"column":0},"end":{"line":6,"column":45}},"7":{"start":{"line":8,"column":0},"end":{"line":8,"column":26}},"8":{"start":{"line":9,"column":0},"end":{"line":9,"column":19}},"9":{"start":{"line":10,"column":0},"end":{"line":10,"column":10}},"10":{"start":{"line":11,"column":0},"end":{"line":11,"column":20}},"11":{"start":{"line":12,"column":0},"end":{"line":12,"column":17}},"12":{"start":{"line":13,"column":0},"end":{"line":13,"column":9}},"13":{"start":{"line":14,"column":0},"end":{"line":14,"column":43}},"14":{"start":{"line":15,"column":0},"end":{"line":15,"column":26}},"15":{"start":{"line":16,"column":0},"end":{"line":16,"column":27}},"16":{"start":{"line":17,"column":0},"end":{"line":17,"column":51}},"17":{"start":{"line":18,"column":0},"end":{"line":18,"column":16}},"18":{"start":{"line":19,"column":0},"end":{"line":19,"column":80}},"19":{"start":{"line":20,"column":0},"end":{"line":20,"column":5}},"20":{"start":{"line":21,"column":0},"end":{"line":21,"column":69}},"21":{"start":{"line":22,"column":0},"end":{"line":22,"column":5}},"22":{"start":{"line":23,"column":0},"end":{"line":23,"column":1}},"24":{"start":{"line":25,"column":0},"end":{"line":25,"column":61}},"25":{"start":{"line":26,"column":0},"end":{"line":26,"column":24}},"26":{"start":{"line":27,"column":0},"end":{"line":27,"column":9}},"27":{"start":{"line":28,"column":0},"end":{"line":28,"column":82}},"28":{"start":{"line":29,"column":0},"end":{"line":29,"column":32}},"29":{"start":{"line":30,"column":0},"end":{"line":30,"column":4}},"30":{"start":{"line":31,"column":0},"end":{"line":31,"column":1}},"32":{"start":{"line":33,"column":0},"end":{"line":33,"column":47}},"33":{"start":{"line":34,"column":0},"end":{"line":34,"column":61}},"34":{"start":{"line":35,"column":0},"end":{"line":35,"column":1}},"36":{"start":{"line":37,"column":0},"end":{"line":37,"column":49}},"37":{"start":{"line":38,"column":0},"end":{"line":38,"column":43}},"38":{"start":{"line":39,"column":0},"end":{"line":39,"column":2}},"40":{"start":{"line":41,"column":0},"end":{"line":41,"column":48}},"41":{"start":{"line":42,"column":0},"end":{"line":42,"column":53}},"42":{"start":{"line":43,"column":0},"end":{"line":43,"column":2}},"45":{"start":{"line":46,"column":0},"end":{"line":46,"column":48}},"46":{"start":{"line":47,"column":0},"end":{"line":47,"column":40}},"48":{"start":{"line":49,"column":0},"end":{"line":49,"column":51}},"49":{"start":{"line":50,"column":0},"end":{"line":50,"column":18}},"50":{"start":{"line":51,"column":0},"end":{"line":51,"column":1}},"52":{"start":{"line":53,"column":0},"end":{"line":53,"column":50}},"53":{"start":{"line":54,"column":0},"end":{"line":54,"column":21}},"54":{"start":{"line":55,"column":0},"end":{"line":55,"column":1}},"57":{"start":{"line":58,"column":0},"end":{"line":58,"column":51}},"58":{"start":{"line":59,"column":0},"end":{"line":59,"column":60}},"60":{"start":{"line":61,"column":0},"end":{"line":61,"column":46}},"61":{"start":{"line":62,"column":0},"end":{"line":62,"column":23}},"62":{"start":{"line":63,"column":0},"end":{"line":63,"column":43}},"63":{"start":{"line":64,"column":0},"end":{"line":64,"column":21}},"64":{"start":{"line":65,"column":0},"end":{"line":65,"column":33}},"65":{"start":{"line":66,"column":0},"end":{"line":66,"column":20}},"66":{"start":{"line":67,"column":0},"end":{"line":67,"column":22}},"67":{"start":{"line":68,"column":0},"end":{"line":68,"column":11}},"68":{"start":{"line":69,"column":0},"end":{"line":69,"column":1}},"71":{"start":{"line":72,"column":0},"end":{"line":72,"column":44}}},"s":{"0":1,"5":1,"7":1,"8":18,"9":18,"10":18,"11":18,"12":18,"13":18,"14":18,"15":18,"16":18,"17":18,"18":1,"19":1,"20":17,"21":18,"22":18,"24":1,"25":7,"26":7,"27":7,"28":7,"29":7,"30":7,"32":1,"33":2,"34":2,"36":1,"37":2,"38":1,"40":1,"41":2,"42":1,"45":1,"46":1,"48":1,"49":7,"50":7,"52":1,"53":8,"54":8,"57":1,"58":1,"60":1,"61":8,"62":8,"63":8,"64":8,"65":2,"66":2,"67":8,"68":8,"71":1},"branchMap":{"0":{"type":"branch","line":8,"loc":{"start":{"line":8,"column":7},"end":{"line":23,"column":1}},"locations":[{"start":{"line":8,"column":7},"end":{"line":23,"column":1}}]},"1":{"type":"branch","line":14,"loc":{"start":{"line":14,"column":20},"end":{"line":14,"column":43}},"locations":[{"start":{"line":14,"column":20},"end":{"line":14,"column":43}}]},"2":{"type":"branch","line":15,"loc":{"start":{"line":15,"column":14},"end":{"line":22,"column":3}},"locations":[{"start":{"line":15,"column":14},"end":{"line":22,"column":3}}]},"3":{"type":"branch","line":18,"loc":{"start":{"line":18,"column":15},"end":{"line":20,"column":5}},"locations":[{"start":{"line":18,"column":15},"end":{"line":20,"column":5}}]},"4":{"type":"branch","line":20,"loc":{"start":{"line":20,"column":4},"end":{"line":21,"column":69}},"locations":[{"start":{"line":20,"column":4},"end":{"line":21,"column":69}}]},"5":{"type":"branch","line":17,"loc":{"start":{"line":17,"column":29},"end":{"line":17,"column":49}},"locations":[{"start":{"line":17,"column":29},"end":{"line":17,"column":49}}]},"6":{"type":"branch","line":19,"loc":{"start":{"line":19,"column":23},"end":{"line":19,"column":78}},"locations":[{"start":{"line":19,"column":23},"end":{"line":19,"column":78}}]},"7":{"type":"branch","line":19,"loc":{"start":{"line":19,"column":72},"end":{"line":19,"column":78}},"locations":[{"start":{"line":19,"column":72},"end":{"line":19,"column":78}}]},"8":{"type":"branch","line":25,"loc":{"start":{"line":25,"column":7},"end":{"line":31,"column":1}},"locations":[{"start":{"line":25,"column":7},"end":{"line":31,"column":1}}]},"9":{"type":"branch","line":26,"loc":{"start":{"line":26,"column":14},"end":{"line":29,"column":32}},"locations":[{"start":{"line":26,"column":14},"end":{"line":29,"column":32}}]},"10":{"type":"branch","line":28,"loc":{"start":{"line":28,"column":11},"end":{"line":28,"column":81}},"locations":[{"start":{"line":28,"column":11},"end":{"line":28,"column":81}}]},"11":{"type":"branch","line":28,"loc":{"start":{"line":28,"column":29},"end":{"line":28,"column":79}},"locations":[{"start":{"line":28,"column":29},"end":{"line":28,"column":79}}]},"12":{"type":"branch","line":28,"loc":{"start":{"line":28,"column":75},"end":{"line":28,"column":81}},"locations":[{"start":{"line":28,"column":75},"end":{"line":28,"column":81}}]},"13":{"type":"branch","line":29,"loc":{"start":{"line":29,"column":14},"end":{"line":29,"column":30}},"locations":[{"start":{"line":29,"column":14},"end":{"line":29,"column":30}}]},"14":{"type":"branch","line":33,"loc":{"start":{"line":33,"column":7},"end":{"line":35,"column":1}},"locations":[{"start":{"line":33,"column":7},"end":{"line":35,"column":1}}]},"15":{"type":"branch","line":34,"loc":{"start":{"line":34,"column":14},"end":{"line":34,"column":59}},"locations":[{"start":{"line":34,"column":14},"end":{"line":34,"column":59}}]},"16":{"type":"branch","line":34,"loc":{"start":{"line":34,"column":38},"end":{"line":34,"column":58}},"locations":[{"start":{"line":34,"column":38},"end":{"line":34,"column":58}}]},"17":{"type":"branch","line":37,"loc":{"start":{"line":37,"column":39},"end":{"line":38,"column":43}},"locations":[{"start":{"line":37,"column":39},"end":{"line":38,"column":43}}]},"18":{"type":"branch","line":38,"loc":{"start":{"line":38,"column":15},"end":{"line":38,"column":40}},"locations":[{"start":{"line":38,"column":15},"end":{"line":38,"column":40}}]},"19":{"type":"branch","line":41,"loc":{"start":{"line":41,"column":38},"end":{"line":42,"column":53}},"locations":[{"start":{"line":41,"column":38},"end":{"line":42,"column":53}}]},"20":{"type":"branch","line":42,"loc":{"start":{"line":42,"column":15},"end":{"line":42,"column":50}},"locations":[{"start":{"line":42,"column":15},"end":{"line":42,"column":50}}]},"21":{"type":"branch","line":49,"loc":{"start":{"line":49,"column":7},"end":{"line":51,"column":1}},"locations":[{"start":{"line":49,"column":7},"end":{"line":51,"column":1}}]},"22":{"type":"branch","line":53,"loc":{"start":{"line":53,"column":7},"end":{"line":55,"column":1}},"locations":[{"start":{"line":53,"column":7},"end":{"line":55,"column":1}}]},"23":{"type":"branch","line":61,"loc":{"start":{"line":61,"column":7},"end":{"line":69,"column":1}},"locations":[{"start":{"line":61,"column":7},"end":{"line":69,"column":1}}]},"24":{"type":"branch","line":62,"loc":{"start":{"line":62,"column":16},"end":{"line":62,"column":23}},"locations":[{"start":{"line":62,"column":16},"end":{"line":62,"column":23}}]},"25":{"type":"branch","line":63,"loc":{"start":{"line":63,"column":18},"end":{"line":63,"column":43}},"locations":[{"start":{"line":63,"column":18},"end":{"line":63,"column":43}}]},"26":{"type":"branch","line":65,"loc":{"start":{"line":65,"column":26},"end":{"line":68,"column":5}},"locations":[{"start":{"line":65,"column":26},"end":{"line":68,"column":5}}]},"27":{"type":"branch","line":72,"loc":{"start":{"line":72,"column":28},"end":{"line":72,"column":44}},"locations":[{"start":{"line":72,"column":28},"end":{"line":72,"column":44}}]}},"b":{"0":[18],"1":[17],"2":[18],"3":[1],"4":[17],"5":[5],"6":[1],"7":[0],"8":[7],"9":[7],"10":[7],"11":[6],"12":[1],"13":[7],"14":[2],"15":[2],"16":[3],"17":[2],"18":[2],"19":[2],"20":[2],"21":[7],"22":[8],"23":[8],"24":[0],"25":[5],"26":[2],"27":[1]},"fnMap":{"0":{"name":"addToCart","decl":{"start":{"line":8,"column":7},"end":{"line":23,"column":1}},"loc":{"start":{"line":8,"column":7},"end":{"line":23,"column":1}},"line":8},"1":{"name":"updateQty","decl":{"start":{"line":25,"column":7},"end":{"line":31,"column":1}},"loc":{"start":{"line":25,"column":7},"end":{"line":31,"column":1}},"line":25},"2":{"name":"removeItem","decl":{"start":{"line":33,"column":7},"end":{"line":35,"column":1}},"loc":{"start":{"line":33,"column":7},"end":{"line":35,"column":1}},"line":33},"3":{"name":"setUser","decl":{"start":{"line":49,"column":7},"end":{"line":51,"column":1}},"loc":{"start":{"line":49,"column":7},"end":{"line":51,"column":1}},"line":49},"4":{"name":"setAuthOpen","decl":{"start":{"line":53,"column":7},"end":{"line":55,"column":1}},"loc":{"start":{"line":53,"column":7},"end":{"line":55,"column":1}},"line":53},"5":{"name":"flash","decl":{"start":{"line":61,"column":7},"end":{"line":69,"column":1}},"loc":{"start":{"line":61,"column":7},"end":{"line":69,"column":1}},"line":61},"6":{"name":"cartSnapshot","decl":{"start":{"line":72,"column":28},"end":{"line":72,"column":44}},"loc":{"start":{"line":72,"column":28},"end":{"line":72,"column":44}},"line":72}},"f":{"0":18,"1":7,"2":2,"3":7,"4":8,"5":8,"6":1}}
,"/Users/anatoliitarasov/MarusjaCakes/app-svelte/src/routes/product/[productId]/+page.ts": {"path":"/Users/anatoliitarasov/MarusjaCakes/app-svelte/src/routes/product/[productId]/+page.ts","all":false,"statementMap":{"0":{"start":{"line":1,"column":0},"end":{"line":1,"column":38}},"4":{"start":{"line":5,"column":0},"end":{"line":5,"column":30}},"7":{"start":{"line":8,"column":0},"end":{"line":8,"column":44}},"8":{"start":{"line":9,"column":0},"end":{"line":9,"column":45}},"10":{"start":{"line":11,"column":0},"end":{"line":11,"column":47}},"11":{"start":{"line":12,"column":0},"end":{"line":12,"column":51}},"12":{"start":{"line":13,"column":0},"end":{"line":13,"column":17}},"13":{"start":{"line":14,"column":0},"end":{"line":14,"column":63}},"14":{"start":{"line":15,"column":0},"end":{"line":15,"column":3}},"15":{"start":{"line":16,"column":0},"end":{"line":16,"column":21}},"16":{"start":{"line":17,"column":0},"end":{"line":17,"column":2}}},"s":{"0":1,"4":1,"7":1,"8":1,"10":1,"11":2,"12":2,"13":1,"14":1,"15":1,"16":1},"branchMap":{"0":{"type":"branch","line":8,"loc":{"start":{"line":8,"column":39},"end":{"line":9,"column":45}},"locations":[{"start":{"line":8,"column":39},"end":{"line":9,"column":45}}]},"1":{"type":"branch","line":9,"loc":{"start":{"line":9,"column":15},"end":{"line":9,"column":43}},"locations":[{"start":{"line":9,"column":15},"end":{"line":9,"column":43}}]},"2":{"type":"branch","line":11,"loc":{"start":{"line":11,"column":30},"end":{"line":17,"column":2}},"locations":[{"start":{"line":11,"column":30},"end":{"line":17,"column":2}}]},"3":{"type":"branch","line":13,"loc":{"start":{"line":13,"column":16},"end":{"line":17,"column":2}},"locations":[{"start":{"line":13,"column":16},"end":{"line":17,"column":2}}]}},"b":{"0":[1],"1":[6],"2":[2],"3":[1]},"fnMap":{"0":{"name":"entries","decl":{"start":{"line":8,"column":39},"end":{"line":9,"column":45}},"loc":{"start":{"line":8,"column":39},"end":{"line":9,"column":45}},"line":8},"1":{"name":"load","decl":{"start":{"line":11,"column":30},"end":{"line":17,"column":2}},"loc":{"start":{"line":11,"column":30},"end":{"line":17,"column":2}},"line":11}},"f":{"0":1,"1":2}}
}
